

Fri Jan 03 2025 14:51:49:947 GMT+0500 (PKT) -- Binary semantic version is v8.9.10
Fri Jan 03 2025 14:51:49:947 GMT+0500 (PKT) -- Setting output as extra verbose with request parsing
Fri Jan 03 2025 14:51:50:12 GMT+0500 (PKT) -- Starting configuration console on http://localhost:45454
Fri Jan 03 2025 14:51:54:735 GMT+0500 (PKT) -- [SUCCESS] You can now access your local server(s) in our remote browser

Fri Jan 03 2025 14:51:55:449 GMT+0500 (PKT) -- Connecting to BrowserStack using WebSocket protocol...
Fri Jan 03 2025 14:51:55:449 GMT+0500 (PKT) -- Platform supports WebSocket connections.

Fri Jan 03 2025 14:51:55:549 GMT+0500 (PKT) -- Press Ctrl-C to exit


Fri Jan 03 2025 14:52:18:550 GMT+0500 (PKT) -- Request to: localhost:3000
Fri Jan 03 2025 14:52:18:550 GMT+0500 (PKT) -- [PARSING HANDSHAKE][1][5293381] Handshake request to localhost:3000
Fri Jan 03 2025 14:52:18:551 GMT+0500 (PKT) -- Connecting to: localhost:3000
Fri Jan 03 2025 14:52:18:555 GMT+0500 (PKT) -- localhost:3000 socket connected.
Fri Jan 03 2025 14:52:18:558 GMT+0500 (PKT) -- Connected to: 127.0.0.1
Fri Jan 03 2025 14:52:18:954 GMT+0500 (PKT) -- [PARSING REQUEST][1][5293381] GET /test/e2e/test.html HTTP/1.1
Host: localhost:3000
Sec-Fetch-Site: none
Connection: keep-alive
Upgrade-Insecure-Requests: 1
Sec-Fetch-Mode: navigate
Accept: text/html,application/xhtml+xml,application/xml;q=0.9,*/*;q=0.8
User-Agent: Mozilla/5.0 (Macintosh; Intel Mac OS X 10_15_7) AppleWebKit/605.1.15 (KHTML, like Gecko) Version/18.2 Safari/605.1.15
Accept-Language: en-US
Sec-Fetch-Dest: document
Accept-Encoding: gzip, deflate


Fri Jan 03 2025 14:52:18:971 GMT+0500 (PKT) -- [PARSING RESPONSE (500chars)][1][5293381] HTTP/1.1 200 OK
accept-ranges: bytes
cache-control: max-age=3600
last-modified: Thu, 02 Jan 2025 09:33:29 GMT
etag: W/"2919178-2279-2025-01-02T09:33:29.939Z"
content-length: 2279
content-type: text/html; charset=UTF-8
Date: Fri, 03 Jan 2025 09:52:18 GMT
Connection: keep-alive
Keep-Alive: timeout=5

<!DOCTYPE html>
<html>
<head>
    <title>Usermaven Pixel Test Page</title>

    <!-- Load the local development build of Usermaven -->

    <script type="text/javascript">     
        (fun FROM localhost:3000
Fri Jan 03 2025 14:52:18:971 GMT+0500 (PKT) -- Writing 2590 bytes response from: localhost:3000
Fri Jan 03 2025 14:52:19:399 GMT+0500 (PKT) -- [PARSING REQUEST][1][5293381] GET /dist/lib.js HTTP/1.1
Host: localhost:3000
Sec-Fetch-Site: same-origin
Accept-Encoding: gzip, deflate
Connection: keep-alive
Sec-Fetch-Mode: no-cors
Accept: */*
User-Agent: Mozilla/5.0 (Macintosh; Intel Mac OS X 10_15_7) AppleWebKit/605.1.15 (KHTML, like Gecko) Version/18.2 Safari/605.1.15
Referer: http://localhost:3000/test/e2e/test.html
Sec-Fetch-Dest: script
Accept-Language: en-US


Fri Jan 03 2025 14:52:19:409 GMT+0500 (PKT) -- [PARSING RESPONSE (500chars)][1][5293381] HTTP/1.1 200 OK
accept-ranges: bytes
cache-control: max-age=3600
last-modified: Fri, 03 Jan 2025 09:49:40 GMT
etag: W/"2671100-37151-2025-01-03T09:49:40.834Z"
content-length: 37151
content-type: application/javascript; charset=UTF-8
Date: Fri, 03 Jan 2025 09:52:19 GMT
Connection: keep-alive
Keep-Alive: timeout=5

(function(f,g){typeof exports=="object"&&typeof module<"u"?g(exports):typeof define=="function"&&define.amd?define(["exports"],g):(f=typeof globalThis<"u"?globalThis:f||self, FROM localhost:3000
Fri Jan 03 2025 14:52:19:410 GMT+0500 (PKT) -- Writing 37477 bytes response from: localhost:3000
Fri Jan 03 2025 14:52:21:382 GMT+0500 (PKT) -- Request to: localhost:3000
Fri Jan 03 2025 14:52:21:382 GMT+0500 (PKT) -- [PARSING HANDSHAKE][4][8682840] Handshake request to localhost:3000
Fri Jan 03 2025 14:52:21:382 GMT+0500 (PKT) -- Connecting to: localhost:3000
Fri Jan 03 2025 14:52:21:382 GMT+0500 (PKT) -- localhost:3000 socket connected.
Fri Jan 03 2025 14:52:21:382 GMT+0500 (PKT) -- Connected to: 127.0.0.1
Fri Jan 03 2025 14:52:21:615 GMT+0500 (PKT) -- [PARSING REQUEST][4][8682840] GET /test/e2e/test.html HTTP/1.1
Host: localhost:3000
sec-ch-ua: "Google Chrome";v="131", "Chromium";v="131", "Not_A Brand";v="24"
sec-ch-ua-mobile: ?0
sec-ch-ua-platform: "Windows"
Upgrade-Insecure-Requests: 1
User-Agent: Mozilla/5.0 (Windows NT 10.0; Win64; x64) AppleWebKit/537.36 (KHTML, like Gecko) Chrome/131.0.0.0 Safari/537.36
Accept-Language: en-US
Accept: text/html,application/xhtml+xml,application/xml;q=0.9,image/avif,image/webp,image/apng,*/*;q=0.8,application/signed-exchange;v=b3;q=0.7
Sec-Fetch-Site: none
Sec-Fetch-Mode: navigate
Sec-Fetch-User: ?1
Sec-Fetch-Dest: document
Accept-Encoding: gzip, deflate, br, zstd
Connection: keep-alive


Fri Jan 03 2025 14:52:21:617 GMT+0500 (PKT) -- [PARSING RESPONSE (500chars)][4][8682840] HTTP/1.1 200 OK
accept-ranges: bytes
cache-control: max-age=3600
last-modified: Thu, 02 Jan 2025 09:33:29 GMT
etag: W/"2919178-2279-2025-01-02T09:33:29.939Z"
content-length: 2279
content-type: text/html; charset=UTF-8
Date: Fri, 03 Jan 2025 09:52:21 GMT
Connection: keep-alive
Keep-Alive: timeout=5

<!DOCTYPE html>
<html>
<head>
    <title>Usermaven Pixel Test Page</title>

    <!-- Load the local development build of Usermaven -->

    <script type="text/javascript">     
        (fun FROM localhost:3000
Fri Jan 03 2025 14:52:21:617 GMT+0500 (PKT) -- Writing 2590 bytes response from: localhost:3000
Fri Jan 03 2025 14:52:21:857 GMT+0500 (PKT) -- Request to: localhost:3000
Fri Jan 03 2025 14:52:21:857 GMT+0500 (PKT) -- [PARSING HANDSHAKE][2][5473755] Handshake request to localhost:3000
Fri Jan 03 2025 14:52:21:857 GMT+0500 (PKT) -- Connecting to: localhost:3000
Fri Jan 03 2025 14:52:21:857 GMT+0500 (PKT) -- localhost:3000 socket connected.
Fri Jan 03 2025 14:52:21:857 GMT+0500 (PKT) -- Connected to: 127.0.0.1
Fri Jan 03 2025 14:52:21:868 GMT+0500 (PKT) -- [PARSING REQUEST][4][8682840] GET /dist/lib.js HTTP/1.1
Host: localhost:3000
sec-ch-ua-platform: "Windows"
User-Agent: Mozilla/5.0 (Windows NT 10.0; Win64; x64) AppleWebKit/537.36 (KHTML, like Gecko) Chrome/131.0.0.0 Safari/537.36
sec-ch-ua: "Google Chrome";v="131", "Chromium";v="131", "Not_A Brand";v="24"
Accept-Language: en-US
sec-ch-ua-mobile: ?0
Accept: */*
Sec-Fetch-Site: same-origin
Sec-Fetch-Mode: no-cors
Sec-Fetch-Dest: script
Referer: http://localhost:3000/test/e2e/test.html
Accept-Encoding: gzip, deflate, br, zstd
Connection: keep-alive


Fri Jan 03 2025 14:52:21:870 GMT+0500 (PKT) -- [PARSING RESPONSE (500chars)][4][8682840] HTTP/1.1 200 OK
accept-ranges: bytes
cache-control: max-age=3600
last-modified: Fri, 03 Jan 2025 09:49:40 GMT
etag: W/"2671100-37151-2025-01-03T09:49:40.834Z"
content-length: 37151
content-type: application/javascript; charset=UTF-8
Date: Fri, 03 Jan 2025 09:52:21 GMT
Connection: keep-alive
Keep-Alive: timeout=5

(function(f,g){typeof exports=="object"&&typeof module<"u"?g(exports):typeof define=="function"&&define.amd?define(["exports"],g):(f=typeof globalThis<"u"?globalThis:f||self, FROM localhost:3000
Fri Jan 03 2025 14:52:21:870 GMT+0500 (PKT) -- Writing 37477 bytes response from: localhost:3000
Fri Jan 03 2025 14:52:22:287 GMT+0500 (PKT) -- [PARSING REQUEST][2][5473755] GET /test/e2e/test.html HTTP/1.1
Host: localhost:3000
Pragma: no-cache
Cache-Control: no-cache
sec-ch-ua: "Google Chrome";v="131", "Chromium";v="131", "Not_A Brand";v="24"
sec-ch-ua-mobile: ?0
sec-ch-ua-platform: "Windows"
Upgrade-Insecure-Requests: 1
User-Agent: Mozilla/5.0 (Windows NT 10.0; Win64; x64) AppleWebKit/537.36 (KHTML, like Gecko) Chrome/131.0.0.0 Safari/537.36
Accept-Language: en-US
Accept: text/html,application/xhtml+xml,application/xml;q=0.9,image/avif,image/webp,image/apng,*/*;q=0.8,application/signed-exchange;v=b3;q=0.7
Sec-Fetch-Site: none
Sec-Fetch-Mode: navigate
Sec-Fetch-User: ?1
Sec-Fetch-Dest: document
Accept-Encoding: gzip, deflate, br, zstd
Connection: keep-alive


Fri Jan 03 2025 14:52:22:291 GMT+0500 (PKT) -- [PARSING RESPONSE (500chars)][2][5473755] HTTP/1.1 200 OK
accept-ranges: bytes
cache-control: max-age=3600
last-modified: Thu, 02 Jan 2025 09:33:29 GMT
etag: W/"2919178-2279-2025-01-02T09:33:29.939Z"
content-length: 2279
content-type: text/html; charset=UTF-8
Date: Fri, 03 Jan 2025 09:52:22 GMT
Connection: keep-alive
Keep-Alive: timeout=5

<!DOCTYPE html>
<html>
<head>
    <title>Usermaven Pixel Test Page</title>

    <!-- Load the local development build of Usermaven -->

    <script type="text/javascript">     
        (fun FROM localhost:3000
Fri Jan 03 2025 14:52:22:291 GMT+0500 (PKT) -- Writing 2590 bytes response from: localhost:3000
Fri Jan 03 2025 14:52:22:520 GMT+0500 (PKT) -- [PARSING REQUEST][4][8682840] GET /favicon.ico HTTP/1.1
Host: localhost:3000
sec-ch-ua-platform: "Windows"
User-Agent: Mozilla/5.0 (Windows NT 10.0; Win64; x64) AppleWebKit/537.36 (KHTML, like Gecko) Chrome/131.0.0.0 Safari/537.36
sec-ch-ua: "Google Chrome";v="131", "Chromium";v="131", "Not_A Brand";v="24"
Accept-Language: en-US
sec-ch-ua-mobile: ?0
Accept: image/avif,image/webp,image/apng,image/svg+xml,image/*,*/*;q=0.8
Sec-Fetch-Site: same-origin
Sec-Fetch-Mode: no-cors
Sec-Fetch-Dest: image
Referer: http://localhost:3000/test/e2e/test.html
Accept-Encoding: gzip, deflate, br, zstd
Cookie: __eventn_id_UMaugVPOWz=47030c0p0o
Connection: keep-alive


Fri Jan 03 2025 14:52:22:522 GMT+0500 (PKT) -- [PARSING RESPONSE (500chars)][4][8682840] HTTP/1.1 404 Not Found
accept-ranges: bytes
Date: Fri, 03 Jan 2025 09:52:22 GMT
Connection: keep-alive
Keep-Alive: timeout=5
Content-Length: 0

 FROM localhost:3000
Fri Jan 03 2025 14:52:22:522 GMT+0500 (PKT) -- Writing 151 bytes response from: localhost:3000
Fri Jan 03 2025 14:52:22:754 GMT+0500 (PKT) -- [PARSING REQUEST][2][5473755] GET /dist/lib.js HTTP/1.1
Host: localhost:3000
Pragma: no-cache
Cache-Control: no-cache
sec-ch-ua-platform: "Windows"
User-Agent: Mozilla/5.0 (Windows NT 10.0; Win64; x64) AppleWebKit/537.36 (KHTML, like Gecko) Chrome/131.0.0.0 Safari/537.36
sec-ch-ua: "Google Chrome";v="131", "Chromium";v="131", "Not_A Brand";v="24"
Accept-Language: en-US
sec-ch-ua-mobile: ?0
Accept: */*
Sec-Fetch-Site: same-origin
Sec-Fetch-Mode: no-cors
Sec-Fetch-Dest: script
Referer: http://localhost:3000/test/e2e/test.html
Accept-Encoding: gzip, deflate, br, zstd
Connection: keep-alive


Fri Jan 03 2025 14:52:22:758 GMT+0500 (PKT) -- [PARSING RESPONSE (500chars)][2][5473755] HTTP/1.1 200 OK
accept-ranges: bytes
cache-control: max-age=3600
last-modified: Fri, 03 Jan 2025 09:49:40 GMT
etag: W/"2671100-37151-2025-01-03T09:49:40.834Z"
content-length: 37151
content-type: application/javascript; charset=UTF-8
Date: Fri, 03 Jan 2025 09:52:22 GMT
Connection: keep-alive
Keep-Alive: timeout=5

(function(f,g){typeof exports=="object"&&typeof module<"u"?g(exports):typeof define=="function"&&define.amd?define(["exports"],g):(f=typeof globalThis<"u"?globalThis:f||self, FROM localhost:3000
Fri Jan 03 2025 14:52:22:758 GMT+0500 (PKT) -- Writing 37477 bytes response from: localhost:3000
Fri Jan 03 2025 14:52:23:793 GMT+0500 (PKT) -- [PARSING REQUEST][2][5473755] GET /favicon.ico HTTP/1.1
Host: localhost:3000
Pragma: no-cache
Cache-Control: no-cache
sec-ch-ua-platform: "Windows"
User-Agent: Mozilla/5.0 (Windows NT 10.0; Win64; x64) AppleWebKit/537.36 (KHTML, like Gecko) Chrome/131.0.0.0 Safari/537.36
sec-ch-ua: "Google Chrome";v="131", "Chromium";v="131", "Not_A Brand";v="24"
Accept-Language: en-US
sec-ch-ua-mobile: ?0
Accept: image/avif,image/webp,image/apng,image/svg+xml,image/*,*/*;q=0.8
Sec-Fetch-Site: same-origin
Sec-Fetch-Mode: no-cors
Sec-Fetch-Dest: image
Referer: http://localhost:3000/test/e2e/test.html
Accept-Encoding: gzip, deflate, br, zstd
Cookie: __eventn_id_UMaugVPOWz=255951031p
Connection: keep-alive


Fri Jan 03 2025 14:52:23:794 GMT+0500 (PKT) -- [PARSING RESPONSE (500chars)][2][5473755] HTTP/1.1 404 Not Found
accept-ranges: bytes
Date: Fri, 03 Jan 2025 09:52:23 GMT
Connection: keep-alive
Keep-Alive: timeout=5
Content-Length: 0

 FROM localhost:3000
Fri Jan 03 2025 14:52:23:794 GMT+0500 (PKT) -- Writing 151 bytes response from: localhost:3000
Fri Jan 03 2025 14:52:30:337 GMT+0500 (PKT) -- Request to: localhost:3000
Fri Jan 03 2025 14:52:30:337 GMT+0500 (PKT) -- [PARSING HANDSHAKE][1][5293576] Handshake request to localhost:3000
Fri Jan 03 2025 14:52:30:337 GMT+0500 (PKT) -- Connecting to: localhost:3000
Fri Jan 03 2025 14:52:30:337 GMT+0500 (PKT) -- localhost:3000 socket connected.
Fri Jan 03 2025 14:52:30:337 GMT+0500 (PKT) -- Connected to: 127.0.0.1
Fri Jan 03 2025 14:52:30:731 GMT+0500 (PKT) -- [PARSING REQUEST][1][5293576] GET /test/e2e/test.html HTTP/1.1
Host: localhost:3000
Accept: text/html,application/xhtml+xml,application/xml;q=0.9,*/*;q=0.8
Sec-Fetch-Site: none
Accept-Encoding: gzip, deflate
Accept-Language: en-US
Sec-Fetch-Mode: navigate
Cache-Control: no-cache
Pragma: no-cache
User-Agent: Mozilla/5.0 (Macintosh; Intel Mac OS X 10_15_7) AppleWebKit/605.1.15 (KHTML, like Gecko) Version/18.2 Safari/605.1.15
Connection: keep-alive
Upgrade-Insecure-Requests: 1
Sec-Fetch-Dest: document


Fri Jan 03 2025 14:52:30:733 GMT+0500 (PKT) -- [PARSING RESPONSE (500chars)][1][5293576] HTTP/1.1 200 OK
accept-ranges: bytes
cache-control: max-age=3600
last-modified: Thu, 02 Jan 2025 09:33:29 GMT
etag: W/"2919178-2279-2025-01-02T09:33:29.939Z"
content-length: 2279
content-type: text/html; charset=UTF-8
Date: Fri, 03 Jan 2025 09:52:30 GMT
Connection: keep-alive
Keep-Alive: timeout=5

<!DOCTYPE html>
<html>
<head>
    <title>Usermaven Pixel Test Page</title>

    <!-- Load the local development build of Usermaven -->

    <script type="text/javascript">     
        (fun FROM localhost:3000
Fri Jan 03 2025 14:52:30:733 GMT+0500 (PKT) -- Writing 2590 bytes response from: localhost:3000
Fri Jan 03 2025 14:52:31:187 GMT+0500 (PKT) -- [PARSING REQUEST][1][5293576] GET /dist/lib.js HTTP/1.1
Host: localhost:3000
Accept: */*
Sec-Fetch-Site: same-origin
Accept-Language: en-US
Accept-Encoding: gzip, deflate
Sec-Fetch-Mode: no-cors
Cache-Control: no-cache
Pragma: no-cache
User-Agent: Mozilla/5.0 (Macintosh; Intel Mac OS X 10_15_7) AppleWebKit/605.1.15 (KHTML, like Gecko) Version/18.2 Safari/605.1.15
Connection: keep-alive
Referer: http://localhost:3000/test/e2e/test.html
Sec-Fetch-Dest: script


Fri Jan 03 2025 14:52:31:188 GMT+0500 (PKT) -- [PARSING RESPONSE (500chars)][1][5293576] HTTP/1.1 200 OK
accept-ranges: bytes
cache-control: max-age=3600
last-modified: Fri, 03 Jan 2025 09:49:40 GMT
etag: W/"2671100-37151-2025-01-03T09:49:40.834Z"
content-length: 37151
content-type: application/javascript; charset=UTF-8
Date: Fri, 03 Jan 2025 09:52:31 GMT
Connection: keep-alive
Keep-Alive: timeout=5

(function(f,g){typeof exports=="object"&&typeof module<"u"?g(exports):typeof define=="function"&&define.amd?define(["exports"],g):(f=typeof globalThis<"u"?globalThis:f||self, FROM localhost:3000
Fri Jan 03 2025 14:52:31:188 GMT+0500 (PKT) -- Writing 37477 bytes response from: localhost:3000
Fri Jan 03 2025 14:52:48:793 GMT+0500 (PKT) -- Request to: localhost:3000
Fri Jan 03 2025 14:52:48:793 GMT+0500 (PKT) -- [PARSING HANDSHAKE][0][5297416] Handshake request to localhost:3000
Fri Jan 03 2025 14:52:48:794 GMT+0500 (PKT) -- Connecting to: localhost:3000
Fri Jan 03 2025 14:52:48:794 GMT+0500 (PKT) -- localhost:3000 socket connected.
Fri Jan 03 2025 14:52:48:794 GMT+0500 (PKT) -- Connected to: 127.0.0.1
Fri Jan 03 2025 14:52:49:167 GMT+0500 (PKT) -- [PARSING REQUEST][0][5297416] GET /test/e2e/test.html HTTP/1.1
Host: localhost:3000
User-Agent: Mozilla/5.0 (Windows NT 10.0; Win64; x64; rv:132.0) Gecko/20100101 Firefox/132.0
Accept: text/html,application/xhtml+xml,application/xml;q=0.9,*/*;q=0.8
Accept-Language: en-US
Accept-Encoding: gzip, deflate, br, zstd
Connection: keep-alive
Upgrade-Insecure-Requests: 1
Sec-Fetch-Dest: document
Sec-Fetch-Mode: navigate
Sec-Fetch-Site: none
Sec-Fetch-User: ?1
Priority: u=0, i


Fri Jan 03 2025 14:52:49:173 GMT+0500 (PKT) -- [PARSING RESPONSE (500chars)][0][5297416] HTTP/1.1 200 OK
accept-ranges: bytes
cache-control: max-age=3600
last-modified: Thu, 02 Jan 2025 09:33:29 GMT
etag: W/"2919178-2279-2025-01-02T09:33:29.939Z"
content-length: 2279
content-type: text/html; charset=UTF-8
Date: Fri, 03 Jan 2025 09:52:49 GMT
Connection: keep-alive
Keep-Alive: timeout=5

<!DOCTYPE html>
<html>
<head>
    <title>Usermaven Pixel Test Page</title>

    <!-- Load the local development build of Usermaven -->

    <script type="text/javascript">     
        (fun FROM localhost:3000
Fri Jan 03 2025 14:52:49:173 GMT+0500 (PKT) -- Writing 2590 bytes response from: localhost:3000
Fri Jan 03 2025 14:52:49:239 GMT+0500 (PKT) -- Request to: localhost:3000
Fri Jan 03 2025 14:52:49:239 GMT+0500 (PKT) -- [PARSING HANDSHAKE][4][8683864] Handshake request to localhost:3000
Fri Jan 03 2025 14:52:49:239 GMT+0500 (PKT) -- Connecting to: localhost:3000
Fri Jan 03 2025 14:52:49:240 GMT+0500 (PKT) -- localhost:3000 socket connected.
Fri Jan 03 2025 14:52:49:240 GMT+0500 (PKT) -- Connected to: 127.0.0.1
Fri Jan 03 2025 14:52:49:485 GMT+0500 (PKT) -- [PARSING REQUEST][4][8683864] GET /test/e2e/test.html HTTP/1.1
Host: localhost:3000
User-Agent: Mozilla/5.0 (Windows NT 10.0; Win64; x64; rv:132.0) Gecko/20100101 Firefox/132.0
Accept: text/html,application/xhtml+xml,application/xml;q=0.9,*/*;q=0.8
Accept-Language: en-US
Accept-Encoding: gzip, deflate, br, zstd
Upgrade-Insecure-Requests: 1
Sec-Fetch-Dest: document
Sec-Fetch-Mode: navigate
Sec-Fetch-Site: none
Sec-Fetch-User: ?1
Connection: keep-alive
Priority: u=0, i
Pragma: no-cache
Cache-Control: no-cache


Fri Jan 03 2025 14:52:49:490 GMT+0500 (PKT) -- [PARSING RESPONSE (500chars)][4][8683864] HTTP/1.1 200 OK
accept-ranges: bytes
cache-control: max-age=3600
last-modified: Thu, 02 Jan 2025 09:33:29 GMT
etag: W/"2919178-2279-2025-01-02T09:33:29.939Z"
content-length: 2279
content-type: text/html; charset=UTF-8
Date: Fri, 03 Jan 2025 09:52:49 GMT
Connection: keep-alive
Keep-Alive: timeout=5

<!DOCTYPE html>
<html>
<head>
    <title>Usermaven Pixel Test Page</title>

    <!-- Load the local development build of Usermaven -->

    <script type="text/javascript">     
        (fun FROM localhost:3000
Fri Jan 03 2025 14:52:49:490 GMT+0500 (PKT) -- Writing 2590 bytes response from: localhost:3000
Fri Jan 03 2025 14:52:49:643 GMT+0500 (PKT) -- [PARSING REQUEST][0][5297416] GET /dist/lib.js HTTP/1.1
Host: localhost:3000
User-Agent: Mozilla/5.0 (Windows NT 10.0; Win64; x64; rv:132.0) Gecko/20100101 Firefox/132.0
Accept: */*
Accept-Language: en-US
Accept-Encoding: gzip, deflate, br, zstd
Connection: keep-alive
Referer: http://localhost:3000/test/e2e/test.html
Sec-Fetch-Dest: script
Sec-Fetch-Mode: no-cors
Sec-Fetch-Site: same-origin


Fri Jan 03 2025 14:52:49:645 GMT+0500 (PKT) -- [PARSING RESPONSE (500chars)][0][5297416] HTTP/1.1 200 OK
accept-ranges: bytes
cache-control: max-age=3600
last-modified: Fri, 03 Jan 2025 09:49:40 GMT
etag: W/"2671100-37151-2025-01-03T09:49:40.834Z"
content-length: 37151
content-type: application/javascript; charset=UTF-8
Date: Fri, 03 Jan 2025 09:52:49 GMT
Connection: keep-alive
Keep-Alive: timeout=5

(function(f,g){typeof exports=="object"&&typeof module<"u"?g(exports):typeof define=="function"&&define.amd?define(["exports"],g):(f=typeof globalThis<"u"?globalThis:f||self, FROM localhost:3000
Fri Jan 03 2025 14:52:49:645 GMT+0500 (PKT) -- Writing 37477 bytes response from: localhost:3000
Fri Jan 03 2025 14:52:49:802 GMT+0500 (PKT) -- [PARSING REQUEST][4][8683864] GET /dist/lib.js HTTP/1.1
Host: localhost:3000
User-Agent: Mozilla/5.0 (Windows NT 10.0; Win64; x64; rv:132.0) Gecko/20100101 Firefox/132.0
Accept: */*
Accept-Language: en-US
Accept-Encoding: gzip, deflate, br, zstd
Referer: http://localhost:3000/test/e2e/test.html
Sec-Fetch-Dest: script
Sec-Fetch-Mode: no-cors
Sec-Fetch-Site: same-origin
Connection: keep-alive
Pragma: no-cache
Cache-Control: no-cache


Fri Jan 03 2025 14:52:49:809 GMT+0500 (PKT) -- [PARSING RESPONSE (500chars)][4][8683864] HTTP/1.1 200 OK
accept-ranges: bytes
cache-control: max-age=3600
last-modified: Fri, 03 Jan 2025 09:49:40 GMT
etag: W/"2671100-37151-2025-01-03T09:49:40.834Z"
content-length: 37151
content-type: application/javascript; charset=UTF-8
Date: Fri, 03 Jan 2025 09:52:49 GMT
Connection: keep-alive
Keep-Alive: timeout=5

(function(f,g){typeof exports=="object"&&typeof module<"u"?g(exports):typeof define=="function"&&define.amd?define(["exports"],g):(f=typeof globalThis<"u"?globalThis:f||self, FROM localhost:3000
Fri Jan 03 2025 14:52:49:810 GMT+0500 (PKT) -- Writing 37477 bytes response from: localhost:3000
Fri Jan 03 2025 14:52:50:265 GMT+0500 (PKT) -- Request to: localhost:3000
Fri Jan 03 2025 14:52:50:265 GMT+0500 (PKT) -- [PARSING HANDSHAKE][0][5297446] Handshake request to localhost:3000
Fri Jan 03 2025 14:52:50:265 GMT+0500 (PKT) -- Connecting to: localhost:3000
Fri Jan 03 2025 14:52:50:267 GMT+0500 (PKT) -- localhost:3000 socket connected.
Fri Jan 03 2025 14:52:50:267 GMT+0500 (PKT) -- Connected to: 127.0.0.1
Fri Jan 03 2025 14:52:50:501 GMT+0500 (PKT) -- Request to: localhost:3000
Fri Jan 03 2025 14:52:50:501 GMT+0500 (PKT) -- [PARSING HANDSHAKE][4][8683936] Handshake request to localhost:3000
Fri Jan 03 2025 14:52:50:501 GMT+0500 (PKT) -- Connecting to: localhost:3000
Fri Jan 03 2025 14:52:50:502 GMT+0500 (PKT) -- localhost:3000 socket connected.
Fri Jan 03 2025 14:52:50:502 GMT+0500 (PKT) -- Connected to: 127.0.0.1
Fri Jan 03 2025 14:52:50:669 GMT+0500 (PKT) -- [PARSING REQUEST][0][5297446] GET /favicon.ico HTTP/1.1
Host: localhost:3000
User-Agent: Mozilla/5.0 (Windows NT 10.0; Win64; x64; rv:132.0) Gecko/20100101 Firefox/132.0
Accept: image/avif,image/webp,image/png,image/svg+xml,image/*;q=0.8,*/*;q=0.5
Accept-Language: en-US
Accept-Encoding: gzip, deflate, br, zstd
Connection: keep-alive
Referer: http://localhost:3000/test/e2e/test.html
Sec-Fetch-Dest: image
Sec-Fetch-Mode: no-cors
Sec-Fetch-Site: same-origin
Priority: u=6


Fri Jan 03 2025 14:52:50:674 GMT+0500 (PKT) -- [PARSING RESPONSE (500chars)][0][5297446] HTTP/1.1 404 Not Found
accept-ranges: bytes
Date: Fri, 03 Jan 2025 09:52:50 GMT
Connection: keep-alive
Keep-Alive: timeout=5
Content-Length: 0

 FROM localhost:3000
Fri Jan 03 2025 14:52:50:675 GMT+0500 (PKT) -- Writing 151 bytes response from: localhost:3000
Fri Jan 03 2025 14:52:50:732 GMT+0500 (PKT) -- [PARSING REQUEST][4][8683936] GET /favicon.ico HTTP/1.1
Host: localhost:3000
User-Agent: Mozilla/5.0 (Windows NT 10.0; Win64; x64; rv:132.0) Gecko/20100101 Firefox/132.0
Accept: image/avif,image/webp,image/png,image/svg+xml,image/*;q=0.8,*/*;q=0.5
Accept-Language: en-US
Accept-Encoding: gzip, deflate, br, zstd
Referer: http://localhost:3000/test/e2e/test.html
Sec-Fetch-Dest: image
Sec-Fetch-Mode: no-cors
Sec-Fetch-Site: same-origin
Connection: keep-alive
Priority: u=6
Pragma: no-cache
Cache-Control: no-cache


Fri Jan 03 2025 14:52:50:737 GMT+0500 (PKT) -- [PARSING RESPONSE (500chars)][4][8683936] HTTP/1.1 404 Not Found
accept-ranges: bytes
Date: Fri, 03 Jan 2025 09:52:50 GMT
Connection: keep-alive
Keep-Alive: timeout=5
Content-Length: 0

 FROM localhost:3000
Fri Jan 03 2025 14:52:50:737 GMT+0500 (PKT) -- Writing 151 bytes response from: localhost:3000
