{
  "level": "info",
  "message": "Mock server running at http://localhost:3000",
  "timestamp": "2024-11-22T05:46:09.707Z"
}
{
  "level": "info",
  "message": "Received event:\n{\n  \"event_id\": \"\",\n  \"user\": {\n    \"anonymous_id\": \"0s730d6t2c\"\n  },\n  \"ids\": {\n    \"fbp\": \"fb.0.1729674994074.186281154152843127\"\n  },\n  \"utc_time\": \"2024-11-22T05:46:12.044Z\",\n  \"local_tz_offset\": -300,\n  \"api_key\": \"test-api-key\",\n  \"src\": \"usermaven\",\n  \"event_type\": \"pageview\",\n  \"namespace\": \"usermaven\",\n  \"event_attributes\": {\n    \"url\": \"http://localhost:5173/examples/index.html\",\n    \"referrer\": \"\",\n    \"title\": \"Usermaven SDK Test\"\n  },\n  \"referer\": \"\",\n  \"url\": \"http://localhost:5173/examples/index.html\",\n  \"page_title\": \"Usermaven SDK Test\",\n  \"doc_path\": \"/examples/index.html\",\n  \"doc_host\": \"localhost\",\n  \"doc_search\": \"\",\n  \"screen_resolution\": \"1920x1080\",\n  \"vp_size\": \"1920x968\",\n  \"user_agent\": \"Mozilla/5.0 (X11; Ubuntu; Linux x86_64; rv:131.0) Gecko/20100101 Firefox/131.0\",\n  \"user_language\": \"en-US\",\n  \"doc_encoding\": \"UTF-8\",\n  \"utm\": {}\n}",
  "timestamp": "2024-11-22T05:46:12.066Z"
}
{
  "level": "info",
  "message": "Received event:\n[\n  {\n    \"event_id\": \"\",\n    \"user\": {\n      \"anonymous_id\": \"0s730d6t2c\"\n    },\n    \"ids\": {\n      \"fbp\": \"fb.0.1729674994074.186281154152843127\"\n    },\n    \"utc_time\": \"2024-11-22T05:47:00.541Z\",\n    \"local_tz_offset\": -300,\n    \"api_key\": \"test-api-key\",\n    \"src\": \"usermaven\",\n    \"event_type\": \"$pageleave\",\n    \"namespace\": \"usermaven\",\n    \"event_attributes\": {\n      \"url\": \"http://localhost:5173/examples/index.html\",\n      \"referrer\": \"\",\n      \"title\": \"Usermaven SDK Test\"\n    },\n    \"referer\": \"\",\n    \"url\": \"http://localhost:5173/examples/index.html\",\n    \"page_title\": \"Usermaven SDK Test\",\n    \"doc_path\": \"/examples/index.html\",\n    \"doc_host\": \"localhost\",\n    \"doc_search\": \"\",\n    \"screen_resolution\": \"1920x1080\",\n    \"vp_size\": \"1920x968\",\n    \"user_agent\": \"Mozilla/5.0 (X11; Ubuntu; Linux x86_64; rv:131.0) Gecko/20100101 Firefox/131.0\",\n    \"user_language\": \"en-US\",\n    \"doc_encoding\": \"UTF-8\",\n    \"utm\": {}\n  }\n]",
  "timestamp": "2024-11-22T05:47:01.571Z"
}
{
  "level": "info",
  "message": "Received event:\n{\n  \"event_id\": \"\",\n  \"user\": {\n    \"anonymous_id\": \"0s730d6t2c\"\n  },\n  \"ids\": {\n    \"fbp\": \"fb.0.1729674994074.186281154152843127\"\n  },\n  \"utc_time\": \"2024-11-22T05:52:47.698Z\",\n  \"local_tz_offset\": -300,\n  \"api_key\": \"test-api-key\",\n  \"src\": \"usermaven\",\n  \"event_type\": \"pageview\",\n  \"namespace\": \"usermaven\",\n  \"event_attributes\": {\n    \"url\": \"http://localhost:5173/examples/index.html\",\n    \"referrer\": \"\",\n    \"title\": \"Usermaven SDK Test\"\n  },\n  \"referer\": \"\",\n  \"url\": \"http://localhost:5173/examples/index.html\",\n  \"page_title\": \"Usermaven SDK Test\",\n  \"doc_path\": \"/examples/index.html\",\n  \"doc_host\": \"localhost\",\n  \"doc_search\": \"\",\n  \"screen_resolution\": \"1920x1080\",\n  \"vp_size\": \"1383x968\",\n  \"user_agent\": \"Mozilla/5.0 (X11; Ubuntu; Linux x86_64; rv:131.0) Gecko/20100101 Firefox/131.0\",\n  \"user_language\": \"en-US\",\n  \"doc_encoding\": \"UTF-8\",\n  \"utm\": {}\n}",
  "timestamp": "2024-11-22T05:52:47.713Z"
}
{
  "level": "info",
  "message": "Received event:\n[\n  {\n    \"event_id\": \"\",\n    \"user\": {\n      \"anonymous_id\": \"0s730d6t2c\"\n    },\n    \"ids\": {\n      \"fbp\": \"fb.0.1729674994074.186281154152843127\"\n    },\n    \"utc_time\": \"2024-11-22T05:52:49.811Z\",\n    \"local_tz_offset\": -300,\n    \"api_key\": \"test-api-key\",\n    \"src\": \"usermaven\",\n    \"event_type\": \"$autocapture\",\n    \"namespace\": \"usermaven\",\n    \"autocapture_attributes\": {\n      \"tag_name\": \"button\",\n      \"attr__id\": \"trackEvent\",\n      \"el_text\": \"Track Event\",\n      \"event_type\": \"click\"\n    },\n    \"referer\": \"\",\n    \"url\": \"http://localhost:5173/examples/index.html\",\n    \"page_title\": \"Usermaven SDK Test\",\n    \"doc_path\": \"/examples/index.html\",\n    \"doc_host\": \"localhost\",\n    \"doc_search\": \"\",\n    \"screen_resolution\": \"1920x1080\",\n    \"vp_size\": \"1383x968\",\n    \"user_agent\": \"Mozilla/5.0 (X11; Ubuntu; Linux x86_64; rv:131.0) Gecko/20100101 Firefox/131.0\",\n    \"user_language\": \"en-US\",\n    \"doc_encoding\": \"UTF-8\",\n    \"utm\": {}\n  },\n  {\n    \"event_id\": \"\",\n    \"user\": {\n      \"anonymous_id\": \"0s730d6t2c\"\n    },\n    \"ids\": {\n      \"fbp\": \"fb.0.1729674994074.186281154152843127\"\n    },\n    \"utc_time\": \"2024-11-22T05:52:49.812Z\",\n    \"local_tz_offset\": -300,\n    \"api_key\": \"test-api-key\",\n    \"src\": \"usermaven\",\n    \"event_type\": \"button_click\",\n    \"namespace\": \"usermaven\",\n    \"event_attributes\": {\n      \"buttonId\": \"trackEvent\"\n    },\n    \"referer\": \"\",\n    \"url\": \"http://localhost:5173/examples/index.html\",\n    \"page_title\": \"Usermaven SDK Test\",\n    \"doc_path\": \"/examples/index.html\",\n    \"doc_host\": \"localhost\",\n    \"doc_search\": \"\",\n    \"screen_resolution\": \"1920x1080\",\n    \"vp_size\": \"1383x968\",\n    \"user_agent\": \"Mozilla/5.0 (X11; Ubuntu; Linux x86_64; rv:131.0) Gecko/20100101 Firefox/131.0\",\n    \"user_language\": \"en-US\",\n    \"doc_encoding\": \"UTF-8\",\n    \"utm\": {}\n  }\n]",
  "timestamp": "2024-11-22T05:52:49.922Z"
}
{
  "level": "info",
  "message": "Received event:\n{\n  \"event_id\": \"\",\n  \"user\": {\n    \"anonymous_id\": \"0s730d6t2c\"\n  },\n  \"ids\": {\n    \"fbp\": \"fb.0.1729674994074.186281154152843127\"\n  },\n  \"utc_time\": \"2024-11-22T05:54:50.956Z\",\n  \"local_tz_offset\": -300,\n  \"api_key\": \"test-api-key\",\n  \"src\": \"usermaven\",\n  \"event_type\": \"pageview\",\n  \"namespace\": \"usermaven\",\n  \"event_attributes\": {\n    \"url\": \"http://localhost:5173/examples/index.html\",\n    \"referrer\": \"\",\n    \"title\": \"Usermaven SDK Test\"\n  },\n  \"referer\": \"\",\n  \"url\": \"http://localhost:5173/examples/index.html\",\n  \"page_title\": \"Usermaven SDK Test\",\n  \"doc_path\": \"/examples/index.html\",\n  \"doc_host\": \"localhost\",\n  \"doc_search\": \"\",\n  \"screen_resolution\": \"1920x1080\",\n  \"vp_size\": \"1383x968\",\n  \"user_agent\": \"Mozilla/5.0 (X11; Ubuntu; Linux x86_64; rv:131.0) Gecko/20100101 Firefox/131.0\",\n  \"user_language\": \"en-US\",\n  \"doc_encoding\": \"UTF-8\",\n  \"utm\": {}\n}",
  "timestamp": "2024-11-22T05:54:50.975Z"
}
{
  "level": "info",
  "message": "Received event:\n{\n  \"event_id\": \"\",\n  \"user\": {\n    \"anonymous_id\": \"0s730d6t2c\"\n  },\n  \"ids\": {\n    \"fbp\": \"fb.0.1729674994074.186281154152843127\"\n  },\n  \"utc_time\": \"2024-11-22T05:54:59.788Z\",\n  \"local_tz_offset\": -300,\n  \"api_key\": \"test-api-key\",\n  \"src\": \"usermaven\",\n  \"event_type\": \"pageview\",\n  \"namespace\": \"usermaven\",\n  \"event_attributes\": {\n    \"url\": \"http://localhost:5173/examples/index.html\",\n    \"referrer\": \"\",\n    \"title\": \"Usermaven SDK Test\"\n  },\n  \"referer\": \"\",\n  \"url\": \"http://localhost:5173/examples/index.html\",\n  \"page_title\": \"Usermaven SDK Test\",\n  \"doc_path\": \"/examples/index.html\",\n  \"doc_host\": \"localhost\",\n  \"doc_search\": \"\",\n  \"screen_resolution\": \"1920x1080\",\n  \"vp_size\": \"1383x968\",\n  \"user_agent\": \"Mozilla/5.0 (X11; Ubuntu; Linux x86_64; rv:131.0) Gecko/20100101 Firefox/131.0\",\n  \"user_language\": \"en-US\",\n  \"doc_encoding\": \"UTF-8\",\n  \"utm\": {}\n}",
  "timestamp": "2024-11-22T05:54:59.802Z"
}
{
  "level": "info",
  "message": "Received event:\n{\n  \"event_id\": \"\",\n  \"user\": {\n    \"anonymous_id\": \"6r41061c50\",\n    \"id\": \"123123d\",\n    \"email\": \"test@example.com\"\n  },\n  \"ids\": {},\n  \"utc_time\": \"2024-11-22T05:55:00.521Z\",\n  \"local_tz_offset\": -300,\n  \"api_key\": \"test-api-key\",\n  \"src\": \"usermaven\",\n  \"event_type\": \"pageview\",\n  \"namespace\": \"usermaven\",\n  \"event_attributes\": {\n    \"url\": \"http://stage.test.local:5173/examples/autocapture.html\",\n    \"referrer\": \"http://localhost:5173/\",\n    \"title\": \"Usermaven SDK Test\"\n  },\n  \"referer\": \"http://localhost:5173/\",\n  \"url\": \"http://stage.test.local:5173/examples/autocapture.html\",\n  \"page_title\": \"Usermaven SDK Test\",\n  \"doc_path\": \"/examples/autocapture.html\",\n  \"doc_host\": \"stage.test.local\",\n  \"doc_search\": \"\",\n  \"screen_resolution\": \"1920x1080\",\n  \"vp_size\": \"1383x968\",\n  \"user_agent\": \"Mozilla/5.0 (X11; Ubuntu; Linux x86_64; rv:131.0) Gecko/20100101 Firefox/131.0\",\n  \"user_language\": \"en-US\",\n  \"doc_encoding\": \"UTF-8\",\n  \"utm\": {}\n}",
  "timestamp": "2024-11-22T05:55:00.572Z"
}
{
  "level": "info",
  "message": "Received event:\n{\n  \"event_id\": \"\",\n  \"user\": {\n    \"anonymous_id\": \"6r41061c50\",\n    \"id\": \"123123d\",\n    \"email\": \"test@example.com\"\n  },\n  \"ids\": {},\n  \"utc_time\": \"2024-11-22T05:55:25.166Z\",\n  \"local_tz_offset\": -300,\n  \"api_key\": \"test-api-key\",\n  \"src\": \"usermaven\",\n  \"event_type\": \"pageview\",\n  \"namespace\": \"usermaven\",\n  \"event_attributes\": {\n    \"url\": \"http://stage.test.local:5173/examples/autocapture.html\",\n    \"referrer\": \"http://localhost:5173/\",\n    \"title\": \"Usermaven SDK Test\"\n  },\n  \"referer\": \"http://localhost:5173/\",\n  \"url\": \"http://stage.test.local:5173/examples/autocapture.html\",\n  \"page_title\": \"Usermaven SDK Test\",\n  \"doc_path\": \"/examples/autocapture.html\",\n  \"doc_host\": \"stage.test.local\",\n  \"doc_search\": \"\",\n  \"screen_resolution\": \"1920x1080\",\n  \"vp_size\": \"1383x968\",\n  \"user_agent\": \"Mozilla/5.0 (X11; Ubuntu; Linux x86_64; rv:131.0) Gecko/20100101 Firefox/131.0\",\n  \"user_language\": \"en-US\",\n  \"doc_encoding\": \"UTF-8\",\n  \"utm\": {}\n}",
  "timestamp": "2024-11-22T05:55:25.182Z"
}
{
  "level": "info",
  "message": "Received event:\n{\n  \"event_id\": \"\",\n  \"user\": {\n    \"anonymous_id\": \"6r41061c50\",\n    \"id\": \"123123d\",\n    \"email\": \"test@example.com\"\n  },\n  \"ids\": {},\n  \"utc_time\": \"2024-11-22T05:57:32.735Z\",\n  \"local_tz_offset\": -300,\n  \"api_key\": \"test-api-key\",\n  \"src\": \"usermaven\",\n  \"event_type\": \"pageview\",\n  \"namespace\": \"usermaven\",\n  \"event_attributes\": {\n    \"url\": \"http://stage.test.local:5173/examples/autocapture.html\",\n    \"referrer\": \"http://localhost:5173/\",\n    \"title\": \"Usermaven SDK Autocapture Test Page\"\n  },\n  \"referer\": \"http://localhost:5173/\",\n  \"url\": \"http://stage.test.local:5173/examples/autocapture.html\",\n  \"page_title\": \"Usermaven SDK Autocapture Test Page\",\n  \"doc_path\": \"/examples/autocapture.html\",\n  \"doc_host\": \"stage.test.local\",\n  \"doc_search\": \"\",\n  \"screen_resolution\": \"1920x1080\",\n  \"vp_size\": \"1383x968\",\n  \"user_agent\": \"Mozilla/5.0 (X11; Ubuntu; Linux x86_64; rv:131.0) Gecko/20100101 Firefox/131.0\",\n  \"user_language\": \"en-US\",\n  \"doc_encoding\": \"UTF-8\",\n  \"utm\": {}\n}",
  "timestamp": "2024-11-22T05:57:32.774Z"
}
{
  "level": "info",
  "message": "Received event:\n{\n  \"event_id\": \"\",\n  \"user\": {\n    \"anonymous_id\": \"6r41061c50\",\n    \"id\": \"123123d\",\n    \"email\": \"test@example.com\"\n  },\n  \"ids\": {},\n  \"utc_time\": \"2024-11-22T05:57:50.403Z\",\n  \"local_tz_offset\": -300,\n  \"api_key\": \"test-api-key\",\n  \"src\": \"usermaven\",\n  \"event_type\": \"pageview\",\n  \"namespace\": \"usermaven\",\n  \"event_attributes\": {\n    \"url\": \"http://stage.test.local:5173/examples/autocapture.html\",\n    \"referrer\": \"http://localhost:5173/\",\n    \"title\": \"Usermaven SDK Autocapture Test Page\"\n  },\n  \"referer\": \"http://localhost:5173/\",\n  \"url\": \"http://stage.test.local:5173/examples/autocapture.html\",\n  \"page_title\": \"Usermaven SDK Autocapture Test Page\",\n  \"doc_path\": \"/examples/autocapture.html\",\n  \"doc_host\": \"stage.test.local\",\n  \"doc_search\": \"\",\n  \"screen_resolution\": \"1920x1080\",\n  \"vp_size\": \"1383x968\",\n  \"user_agent\": \"Mozilla/5.0 (X11; Ubuntu; Linux x86_64; rv:131.0) Gecko/20100101 Firefox/131.0\",\n  \"user_language\": \"en-US\",\n  \"doc_encoding\": \"UTF-8\",\n  \"utm\": {}\n}",
  "timestamp": "2024-11-22T05:57:50.412Z"
}
{
  "level": "info",
  "message": "Received event:\n{\n  \"event_id\": \"\",\n  \"user\": {\n    \"anonymous_id\": \"6r41061c50\",\n    \"id\": \"123123d\",\n    \"email\": \"test@example.com\"\n  },\n  \"ids\": {},\n  \"utc_time\": \"2024-11-22T05:57:52.514Z\",\n  \"local_tz_offset\": -300,\n  \"api_key\": \"test-api-key\",\n  \"src\": \"usermaven\",\n  \"event_type\": \"pageview\",\n  \"namespace\": \"usermaven\",\n  \"event_attributes\": {\n    \"url\": \"http://stage.test.local:5173/examples/autocapture.html\",\n    \"referrer\": \"http://localhost:5173/\",\n    \"title\": \"Usermaven SDK Autocapture Test Page\"\n  },\n  \"referer\": \"http://localhost:5173/\",\n  \"url\": \"http://stage.test.local:5173/examples/autocapture.html\",\n  \"page_title\": \"Usermaven SDK Autocapture Test Page\",\n  \"doc_path\": \"/examples/autocapture.html\",\n  \"doc_host\": \"stage.test.local\",\n  \"doc_search\": \"\",\n  \"screen_resolution\": \"1920x1080\",\n  \"vp_size\": \"1383x968\",\n  \"user_agent\": \"Mozilla/5.0 (X11; Ubuntu; Linux x86_64; rv:131.0) Gecko/20100101 Firefox/131.0\",\n  \"user_language\": \"en-US\",\n  \"doc_encoding\": \"UTF-8\",\n  \"utm\": {}\n}",
  "timestamp": "2024-11-22T05:57:52.520Z"
}
{
  "level": "info",
  "message": "Received event:\n[\n  {\n    \"event_id\": \"\",\n    \"user\": {\n      \"anonymous_id\": \"6r41061c50\",\n      \"id\": \"123123d\",\n      \"email\": \"test@example.com\"\n    },\n    \"ids\": {},\n    \"utc_time\": \"2024-11-22T05:57:53.799Z\",\n    \"local_tz_offset\": -300,\n    \"api_key\": \"test-api-key\",\n    \"src\": \"usermaven\",\n    \"event_type\": \"$scroll\",\n    \"namespace\": \"usermaven\",\n    \"event_attributes\": {\n      \"percent\": 26,\n      \"window_height\": 968,\n      \"document_height\": 1901,\n      \"scroll_distance\": 247\n    },\n    \"referer\": \"http://localhost:5173/\",\n    \"url\": \"http://stage.test.local:5173/examples/autocapture.html\",\n    \"page_title\": \"Usermaven SDK Autocapture Test Page\",\n    \"doc_path\": \"/examples/autocapture.html\",\n    \"doc_host\": \"stage.test.local\",\n    \"doc_search\": \"\",\n    \"screen_resolution\": \"1920x1080\",\n    \"vp_size\": \"1383x968\",\n    \"user_agent\": \"Mozilla/5.0 (X11; Ubuntu; Linux x86_64; rv:131.0) Gecko/20100101 Firefox/131.0\",\n    \"user_language\": \"en-US\",\n    \"doc_encoding\": \"UTF-8\",\n    \"utm\": {}\n  },\n  {\n    \"event_id\": \"\",\n    \"user\": {\n      \"anonymous_id\": \"6r41061c50\",\n      \"id\": \"123123d\",\n      \"email\": \"test@example.com\"\n    },\n    \"ids\": {},\n    \"utc_time\": \"2024-11-22T05:57:53.816Z\",\n    \"local_tz_offset\": -300,\n    \"api_key\": \"test-api-key\",\n    \"src\": \"usermaven\",\n    \"event_type\": \"$scroll\",\n    \"namespace\": \"usermaven\",\n    \"event_attributes\": {\n      \"percent\": 50,\n      \"window_height\": 968,\n      \"document_height\": 1901,\n      \"scroll_distance\": 470\n    },\n    \"referer\": \"http://localhost:5173/\",\n    \"url\": \"http://stage.test.local:5173/examples/autocapture.html\",\n    \"page_title\": \"Usermaven SDK Autocapture Test Page\",\n    \"doc_path\": \"/examples/autocapture.html\",\n    \"doc_host\": \"stage.test.local\",\n    \"doc_search\": \"\",\n    \"screen_resolution\": \"1920x1080\",\n    \"vp_size\": \"1383x968\",\n    \"user_agent\": \"Mozilla/5.0 (X11; Ubuntu; Linux x86_64; rv:131.0) Gecko/20100101 Firefox/131.0\",\n    \"user_language\": \"en-US\",\n    \"doc_encoding\": \"UTF-8\",\n    \"utm\": {}\n  }\n]",
  "timestamp": "2024-11-22T05:57:53.951Z"
}
{
  "level": "info",
  "message": "Received event:\n[\n  {\n    \"event_id\": \"\",\n    \"user\": {\n      \"anonymous_id\": \"6r41061c50\",\n      \"id\": \"123123d\",\n      \"email\": \"test@example.com\"\n    },\n    \"ids\": {},\n    \"utc_time\": \"2024-11-22T05:57:54.215Z\",\n    \"local_tz_offset\": -300,\n    \"api_key\": \"test-api-key\",\n    \"src\": \"usermaven\",\n    \"event_type\": \"$scroll\",\n    \"namespace\": \"usermaven\",\n    \"event_attributes\": {\n      \"percent\": 79,\n      \"window_height\": 968,\n      \"document_height\": 1901,\n      \"scroll_distance\": 739\n    },\n    \"referer\": \"http://localhost:5173/\",\n    \"url\": \"http://stage.test.local:5173/examples/autocapture.html\",\n    \"page_title\": \"Usermaven SDK Autocapture Test Page\",\n    \"doc_path\": \"/examples/autocapture.html\",\n    \"doc_host\": \"stage.test.local\",\n    \"doc_search\": \"\",\n    \"screen_resolution\": \"1920x1080\",\n    \"vp_size\": \"1383x968\",\n    \"user_agent\": \"Mozilla/5.0 (X11; Ubuntu; Linux x86_64; rv:131.0) Gecko/20100101 Firefox/131.0\",\n    \"user_language\": \"en-US\",\n    \"doc_encoding\": \"UTF-8\",\n    \"utm\": {}\n  },\n  {\n    \"event_id\": \"\",\n    \"user\": {\n      \"anonymous_id\": \"6r41061c50\",\n      \"id\": \"123123d\",\n      \"email\": \"test@example.com\"\n    },\n    \"ids\": {},\n    \"utc_time\": \"2024-11-22T05:57:54.265Z\",\n    \"local_tz_offset\": -300,\n    \"api_key\": \"test-api-key\",\n    \"src\": \"usermaven\",\n    \"event_type\": \"$scroll\",\n    \"namespace\": \"usermaven\",\n    \"event_attributes\": {\n      \"percent\": 95,\n      \"window_height\": 968,\n      \"document_height\": 1901,\n      \"scroll_distance\": 889\n    },\n    \"referer\": \"http://localhost:5173/\",\n    \"url\": \"http://stage.test.local:5173/examples/autocapture.html\",\n    \"page_title\": \"Usermaven SDK Autocapture Test Page\",\n    \"doc_path\": \"/examples/autocapture.html\",\n    \"doc_host\": \"stage.test.local\",\n    \"doc_search\": \"\",\n    \"screen_resolution\": \"1920x1080\",\n    \"vp_size\": \"1383x968\",\n    \"user_agent\": \"Mozilla/5.0 (X11; Ubuntu; Linux x86_64; rv:131.0) Gecko/20100101 Firefox/131.0\",\n    \"user_language\": \"en-US\",\n    \"doc_encoding\": \"UTF-8\",\n    \"utm\": {}\n  }\n]",
  "timestamp": "2024-11-22T05:57:54.375Z"
}
{
  "level": "info",
  "message": "Received event:\n[\n  {\n    \"event_id\": \"\",\n    \"user\": {\n      \"anonymous_id\": \"6r41061c50\",\n      \"id\": \"123123d\",\n      \"email\": \"test@example.com\"\n    },\n    \"ids\": {},\n    \"utc_time\": \"2024-11-22T05:57:57.357Z\",\n    \"local_tz_offset\": -300,\n    \"api_key\": \"test-api-key\",\n    \"src\": \"usermaven\",\n    \"event_type\": \"$autocapture\",\n    \"namespace\": \"usermaven\",\n    \"autocapture_attributes\": {\n      \"tag_name\": \"button\",\n      \"attr__onclick\": \"addDynamicContent()\",\n      \"el_text\": \"Add Dynamic Content\",\n      \"event_type\": \"click\"\n    },\n    \"referer\": \"http://localhost:5173/\",\n    \"url\": \"http://stage.test.local:5173/examples/autocapture.html\",\n    \"page_title\": \"Usermaven SDK Autocapture Test Page\",\n    \"doc_path\": \"/examples/autocapture.html\",\n    \"doc_host\": \"stage.test.local\",\n    \"doc_search\": \"\",\n    \"screen_resolution\": \"1920x1080\",\n    \"vp_size\": \"1383x968\",\n    \"user_agent\": \"Mozilla/5.0 (X11; Ubuntu; Linux x86_64; rv:131.0) Gecko/20100101 Firefox/131.0\",\n    \"user_language\": \"en-US\",\n    \"doc_encoding\": \"UTF-8\",\n    \"utm\": {}\n  }\n]",
  "timestamp": "2024-11-22T05:57:57.445Z"
}
{
  "level": "info",
  "message": "Received event:\n[\n  {\n    \"event_id\": \"\",\n    \"user\": {\n      \"anonymous_id\": \"6r41061c50\",\n      \"id\": \"123123d\",\n      \"email\": \"test@example.com\"\n    },\n    \"ids\": {},\n    \"utc_time\": \"2024-11-22T05:58:03.411Z\",\n    \"local_tz_offset\": -300,\n    \"api_key\": \"test-api-key\",\n    \"src\": \"usermaven\",\n    \"event_type\": \"$autocapture\",\n    \"namespace\": \"usermaven\",\n    \"autocapture_attributes\": {\n      \"tag_name\": \"button\",\n      \"el_text\": \"Dynamic Button\",\n      \"event_type\": \"click\"\n    },\n    \"referer\": \"http://localhost:5173/\",\n    \"url\": \"http://stage.test.local:5173/examples/autocapture.html\",\n    \"page_title\": \"Usermaven SDK Autocapture Test Page\",\n    \"doc_path\": \"/examples/autocapture.html\",\n    \"doc_host\": \"stage.test.local\",\n    \"doc_search\": \"\",\n    \"screen_resolution\": \"1920x1080\",\n    \"vp_size\": \"1383x968\",\n    \"user_agent\": \"Mozilla/5.0 (X11; Ubuntu; Linux x86_64; rv:131.0) Gecko/20100101 Firefox/131.0\",\n    \"user_language\": \"en-US\",\n    \"doc_encoding\": \"UTF-8\",\n    \"utm\": {}\n  }\n]",
  "timestamp": "2024-11-22T05:58:03.540Z"
}
{
  "level": "info",
  "message": "Received event:\n[\n  {\n    \"event_id\": \"\",\n    \"user\": {\n      \"anonymous_id\": \"6r41061c50\",\n      \"id\": \"123123d\",\n      \"email\": \"test@example.com\"\n    },\n    \"ids\": {},\n    \"utc_time\": \"2024-11-22T05:58:04.209Z\",\n    \"local_tz_offset\": -300,\n    \"api_key\": \"test-api-key\",\n    \"src\": \"usermaven\",\n    \"event_type\": \"$autocapture\",\n    \"namespace\": \"usermaven\",\n    \"autocapture_attributes\": {\n      \"tag_name\": \"button\",\n      \"el_text\": \"Dynamic Button\",\n      \"event_type\": \"click\"\n    },\n    \"referer\": \"http://localhost:5173/\",\n    \"url\": \"http://stage.test.local:5173/examples/autocapture.html\",\n    \"page_title\": \"Usermaven SDK Autocapture Test Page\",\n    \"doc_path\": \"/examples/autocapture.html\",\n    \"doc_host\": \"stage.test.local\",\n    \"doc_search\": \"\",\n    \"screen_resolution\": \"1920x1080\",\n    \"vp_size\": \"1383x968\",\n    \"user_agent\": \"Mozilla/5.0 (X11; Ubuntu; Linux x86_64; rv:131.0) Gecko/20100101 Firefox/131.0\",\n    \"user_language\": \"en-US\",\n    \"doc_encoding\": \"UTF-8\",\n    \"utm\": {}\n  }\n]",
  "timestamp": "2024-11-22T05:58:04.361Z"
}
{
  "level": "info",
  "message": "Received event:\n[\n  {\n    \"event_id\": \"\",\n    \"user\": {\n      \"anonymous_id\": \"6r41061c50\",\n      \"id\": \"123123d\",\n      \"email\": \"test@example.com\"\n    },\n    \"ids\": {},\n    \"utc_time\": \"2024-11-22T05:58:04.920Z\",\n    \"local_tz_offset\": -300,\n    \"api_key\": \"test-api-key\",\n    \"src\": \"usermaven\",\n    \"event_type\": \"$autocapture\",\n    \"namespace\": \"usermaven\",\n    \"autocapture_attributes\": {\n      \"tag_name\": \"button\",\n      \"el_text\": \"Dynamic Button\",\n      \"event_type\": \"click\"\n    },\n    \"referer\": \"http://localhost:5173/\",\n    \"url\": \"http://stage.test.local:5173/examples/autocapture.html\",\n    \"page_title\": \"Usermaven SDK Autocapture Test Page\",\n    \"doc_path\": \"/examples/autocapture.html\",\n    \"doc_host\": \"stage.test.local\",\n    \"doc_search\": \"\",\n    \"screen_resolution\": \"1920x1080\",\n    \"vp_size\": \"1383x968\",\n    \"user_agent\": \"Mozilla/5.0 (X11; Ubuntu; Linux x86_64; rv:131.0) Gecko/20100101 Firefox/131.0\",\n    \"user_language\": \"en-US\",\n    \"doc_encoding\": \"UTF-8\",\n    \"utm\": {}\n  }\n]",
  "timestamp": "2024-11-22T05:58:04.994Z"
}
{
  "level": "info",
  "message": "Received event:\n[\n  {\n    \"event_id\": \"\",\n    \"user\": {\n      \"anonymous_id\": \"6r41061c50\",\n      \"id\": \"123123d\",\n      \"email\": \"test@example.com\"\n    },\n    \"ids\": {},\n    \"utc_time\": \"2024-11-22T05:58:06.385Z\",\n    \"local_tz_offset\": -300,\n    \"api_key\": \"test-api-key\",\n    \"src\": \"usermaven\",\n    \"event_type\": \"$autocapture\",\n    \"namespace\": \"usermaven\",\n    \"autocapture_attributes\": {\n      \"tag_name\": \"button\",\n      \"attr__onclick\": \"addDynamicContent()\",\n      \"el_text\": \"Add Dynamic Content\",\n      \"event_type\": \"click\"\n    },\n    \"referer\": \"http://localhost:5173/\",\n    \"url\": \"http://stage.test.local:5173/examples/autocapture.html\",\n    \"page_title\": \"Usermaven SDK Autocapture Test Page\",\n    \"doc_path\": \"/examples/autocapture.html\",\n    \"doc_host\": \"stage.test.local\",\n    \"doc_search\": \"\",\n    \"screen_resolution\": \"1920x1080\",\n    \"vp_size\": \"1383x968\",\n    \"user_agent\": \"Mozilla/5.0 (X11; Ubuntu; Linux x86_64; rv:131.0) Gecko/20100101 Firefox/131.0\",\n    \"user_language\": \"en-US\",\n    \"doc_encoding\": \"UTF-8\",\n    \"utm\": {}\n  }\n]",
  "timestamp": "2024-11-22T05:58:06.439Z"
}
{
  "level": "info",
  "message": "Received event:\n[\n  {\n    \"event_id\": \"\",\n    \"user\": {\n      \"anonymous_id\": \"6r41061c50\",\n      \"id\": \"123123d\",\n      \"email\": \"test@example.com\"\n    },\n    \"ids\": {},\n    \"utc_time\": \"2024-11-22T05:58:08.346Z\",\n    \"local_tz_offset\": -300,\n    \"api_key\": \"test-api-key\",\n    \"src\": \"usermaven\",\n    \"event_type\": \"$autocapture\",\n    \"namespace\": \"usermaven\",\n    \"autocapture_attributes\": {\n      \"tag_name\": \"button\",\n      \"el_text\": \"Dynamic Button\",\n      \"event_type\": \"click\"\n    },\n    \"referer\": \"http://localhost:5173/\",\n    \"url\": \"http://stage.test.local:5173/examples/autocapture.html\",\n    \"page_title\": \"Usermaven SDK Autocapture Test Page\",\n    \"doc_path\": \"/examples/autocapture.html\",\n    \"doc_host\": \"stage.test.local\",\n    \"doc_search\": \"\",\n    \"screen_resolution\": \"1920x1080\",\n    \"vp_size\": \"1383x968\",\n    \"user_agent\": \"Mozilla/5.0 (X11; Ubuntu; Linux x86_64; rv:131.0) Gecko/20100101 Firefox/131.0\",\n    \"user_language\": \"en-US\",\n    \"doc_encoding\": \"UTF-8\",\n    \"utm\": {}\n  }\n]",
  "timestamp": "2024-11-22T05:58:08.462Z"
}
{
  "level": "info",
  "message": "Received event:\n[\n  {\n    \"event_id\": \"\",\n    \"user\": {\n      \"anonymous_id\": \"6r41061c50\",\n      \"id\": \"123123d\",\n      \"email\": \"test@example.com\"\n    },\n    \"ids\": {},\n    \"utc_time\": \"2024-11-22T05:58:10.072Z\",\n    \"local_tz_offset\": -300,\n    \"api_key\": \"test-api-key\",\n    \"src\": \"usermaven\",\n    \"event_type\": \"$autocapture\",\n    \"namespace\": \"usermaven\",\n    \"autocapture_attributes\": {\n      \"tag_name\": \"button\",\n      \"el_text\": \"Dynamic Button\",\n      \"event_type\": \"click\"\n    },\n    \"referer\": \"http://localhost:5173/\",\n    \"url\": \"http://stage.test.local:5173/examples/autocapture.html\",\n    \"page_title\": \"Usermaven SDK Autocapture Test Page\",\n    \"doc_path\": \"/examples/autocapture.html\",\n    \"doc_host\": \"stage.test.local\",\n    \"doc_search\": \"\",\n    \"screen_resolution\": \"1920x1080\",\n    \"vp_size\": \"1383x968\",\n    \"user_agent\": \"Mozilla/5.0 (X11; Ubuntu; Linux x86_64; rv:131.0) Gecko/20100101 Firefox/131.0\",\n    \"user_language\": \"en-US\",\n    \"doc_encoding\": \"UTF-8\",\n    \"utm\": {}\n  }\n]",
  "timestamp": "2024-11-22T05:58:10.111Z"
}
{
  "level": "info",
  "message": "Received event:\n[\n  {\n    \"event_id\": \"\",\n    \"user\": {\n      \"anonymous_id\": \"6r41061c50\",\n      \"id\": \"123123d\",\n      \"email\": \"test@example.com\"\n    },\n    \"ids\": {},\n    \"utc_time\": \"2024-11-22T05:58:13.056Z\",\n    \"local_tz_offset\": -300,\n    \"api_key\": \"test-api-key\",\n    \"src\": \"usermaven\",\n    \"event_type\": \"$autocapture\",\n    \"namespace\": \"usermaven\",\n    \"autocapture_attributes\": {\n      \"tag_name\": \"button\",\n      \"attr__onclick\": \"toggleDropdown()\",\n      \"el_text\": \"Dropdown Menu\",\n      \"event_type\": \"click\"\n    },\n    \"referer\": \"http://localhost:5173/\",\n    \"url\": \"http://stage.test.local:5173/examples/autocapture.html\",\n    \"page_title\": \"Usermaven SDK Autocapture Test Page\",\n    \"doc_path\": \"/examples/autocapture.html\",\n    \"doc_host\": \"stage.test.local\",\n    \"doc_search\": \"\",\n    \"screen_resolution\": \"1920x1080\",\n    \"vp_size\": \"1383x968\",\n    \"user_agent\": \"Mozilla/5.0 (X11; Ubuntu; Linux x86_64; rv:131.0) Gecko/20100101 Firefox/131.0\",\n    \"user_language\": \"en-US\",\n    \"doc_encoding\": \"UTF-8\",\n    \"utm\": {}\n  }\n]",
  "timestamp": "2024-11-22T05:58:13.151Z"
}
{
  "level": "info",
  "message": "Received event:\n[\n  {\n    \"event_id\": \"\",\n    \"user\": {\n      \"anonymous_id\": \"6r41061c50\",\n      \"id\": \"123123d\",\n      \"email\": \"test@example.com\"\n    },\n    \"ids\": {},\n    \"utc_time\": \"2024-11-22T05:58:14.337Z\",\n    \"local_tz_offset\": -300,\n    \"api_key\": \"test-api-key\",\n    \"src\": \"usermaven\",\n    \"event_type\": \"$autocapture\",\n    \"namespace\": \"usermaven\",\n    \"autocapture_attributes\": {\n      \"tag_name\": \"a\",\n      \"attr__href\": \"#\",\n      \"attr__data-value\": \"option2\",\n      \"el_text\": \"Option 2\",\n      \"event_type\": \"click\"\n    },\n    \"referer\": \"http://localhost:5173/\",\n    \"url\": \"http://stage.test.local:5173/examples/autocapture.html\",\n    \"page_title\": \"Usermaven SDK Autocapture Test Page\",\n    \"doc_path\": \"/examples/autocapture.html\",\n    \"doc_host\": \"stage.test.local\",\n    \"doc_search\": \"\",\n    \"screen_resolution\": \"1920x1080\",\n    \"vp_size\": \"1383x968\",\n    \"user_agent\": \"Mozilla/5.0 (X11; Ubuntu; Linux x86_64; rv:131.0) Gecko/20100101 Firefox/131.0\",\n    \"user_language\": \"en-US\",\n    \"doc_encoding\": \"UTF-8\",\n    \"utm\": {}\n  },\n  {\n    \"event_id\": \"\",\n    \"user\": {\n      \"anonymous_id\": \"6r41061c50\",\n      \"id\": \"123123d\",\n      \"email\": \"test@example.com\"\n    },\n    \"ids\": {},\n    \"utc_time\": \"2024-11-22T05:58:14.353Z\",\n    \"local_tz_offset\": -300,\n    \"api_key\": \"test-api-key\",\n    \"src\": \"usermaven\",\n    \"event_type\": \"pageview\",\n    \"namespace\": \"usermaven\",\n    \"event_attributes\": {\n      \"url\": \"http://stage.test.local:5173/examples/autocapture.html#\",\n      \"referrer\": \"http://localhost:5173/\",\n      \"title\": \"Usermaven SDK Autocapture Test Page\"\n    },\n    \"referer\": \"http://localhost:5173/\",\n    \"url\": \"http://stage.test.local:5173/examples/autocapture.html#\",\n    \"page_title\": \"Usermaven SDK Autocapture Test Page\",\n    \"doc_path\": \"/examples/autocapture.html\",\n    \"doc_host\": \"stage.test.local\",\n    \"doc_search\": \"\",\n    \"screen_resolution\": \"1920x1080\",\n    \"vp_size\": \"1383x968\",\n    \"user_agent\": \"Mozilla/5.0 (X11; Ubuntu; Linux x86_64; rv:131.0) Gecko/20100101 Firefox/131.0\",\n    \"user_language\": \"en-US\",\n    \"doc_encoding\": \"UTF-8\",\n    \"utm\": {}\n  },\n  {\n    \"event_id\": \"\",\n    \"user\": {\n      \"anonymous_id\": \"6r41061c50\",\n      \"id\": \"123123d\",\n      \"email\": \"test@example.com\"\n    },\n    \"ids\": {},\n    \"utc_time\": \"2024-11-22T05:58:14.354Z\",\n    \"local_tz_offset\": -300,\n    \"api_key\": \"test-api-key\",\n    \"src\": \"usermaven\",\n    \"event_type\": \"$pageleave\",\n    \"namespace\": \"usermaven\",\n    \"event_attributes\": {\n      \"url\": \"http://stage.test.local:5173/examples/autocapture.html#\",\n      \"referrer\": \"http://localhost:5173/\",\n      \"title\": \"Usermaven SDK Autocapture Test Page\"\n    },\n    \"referer\": \"http://localhost:5173/\",\n    \"url\": \"http://stage.test.local:5173/examples/autocapture.html#\",\n    \"page_title\": \"Usermaven SDK Autocapture Test Page\",\n    \"doc_path\": \"/examples/autocapture.html\",\n    \"doc_host\": \"stage.test.local\",\n    \"doc_search\": \"\",\n    \"screen_resolution\": \"1920x1080\",\n    \"vp_size\": \"1383x968\",\n    \"user_agent\": \"Mozilla/5.0 (X11; Ubuntu; Linux x86_64; rv:131.0) Gecko/20100101 Firefox/131.0\",\n    \"user_language\": \"en-US\",\n    \"doc_encoding\": \"UTF-8\",\n    \"utm\": {}\n  }\n]",
  "timestamp": "2024-11-22T05:58:14.414Z"
}
{
  "level": "info",
  "message": "Received event:\n[\n  {\n    \"event_id\": \"\",\n    \"user\": {\n      \"anonymous_id\": \"6r41061c50\",\n      \"id\": \"123123d\",\n      \"email\": \"test@example.com\"\n    },\n    \"ids\": {},\n    \"utc_time\": \"2024-11-22T05:58:19.242Z\",\n    \"local_tz_offset\": -300,\n    \"api_key\": \"test-api-key\",\n    \"src\": \"usermaven\",\n    \"event_type\": \"$autocapture\",\n    \"namespace\": \"usermaven\",\n    \"autocapture_attributes\": {\n      \"tag_name\": \"div\",\n      \"classes\": [\n        \"form-group\"\n      ],\n      \"attr__class\": \"form-group\",\n      \"el_text\": \"\",\n      \"event_type\": \"click\"\n    },\n    \"referer\": \"http://localhost:5173/\",\n    \"url\": \"http://stage.test.local:5173/examples/autocapture.html#\",\n    \"page_title\": \"Usermaven SDK Autocapture Test Page\",\n    \"doc_path\": \"/examples/autocapture.html\",\n    \"doc_host\": \"stage.test.local\",\n    \"doc_search\": \"\",\n    \"screen_resolution\": \"1920x1080\",\n    \"vp_size\": \"1383x968\",\n    \"user_agent\": \"Mozilla/5.0 (X11; Ubuntu; Linux x86_64; rv:131.0) Gecko/20100101 Firefox/131.0\",\n    \"user_language\": \"en-US\",\n    \"doc_encoding\": \"UTF-8\",\n    \"utm\": {}\n  }\n]",
  "timestamp": "2024-11-22T05:58:19.270Z"
}
{
  "level": "info",
  "message": "Received event:\n{\n  \"event_id\": \"\",\n  \"user\": {\n    \"anonymous_id\": \"6r41061c50\",\n    \"id\": \"123123d\",\n    \"email\": \"test@example.com\"\n  },\n  \"ids\": {},\n  \"utc_time\": \"2024-11-22T05:58:19.449Z\",\n  \"local_tz_offset\": -300,\n  \"api_key\": \"test-api-key\",\n  \"src\": \"usermaven\",\n  \"event_type\": \"pageview\",\n  \"namespace\": \"usermaven\",\n  \"event_attributes\": {\n    \"url\": \"http://stage.test.local:5173/examples/autocapture.html#\",\n    \"referrer\": \"http://localhost:5173/\",\n    \"title\": \"Usermaven SDK Autocapture Test Page\"\n  },\n  \"referer\": \"http://localhost:5173/\",\n  \"url\": \"http://stage.test.local:5173/examples/autocapture.html#\",\n  \"page_title\": \"Usermaven SDK Autocapture Test Page\",\n  \"doc_path\": \"/examples/autocapture.html\",\n  \"doc_host\": \"stage.test.local\",\n  \"doc_search\": \"\",\n  \"screen_resolution\": \"1920x1080\",\n  \"vp_size\": \"1383x968\",\n  \"user_agent\": \"Mozilla/5.0 (X11; Ubuntu; Linux x86_64; rv:131.0) Gecko/20100101 Firefox/131.0\",\n  \"user_language\": \"en-US\",\n  \"doc_encoding\": \"UTF-8\",\n  \"utm\": {}\n}",
  "timestamp": "2024-11-22T05:58:19.460Z"
}
{
  "level": "info",
  "message": "Received event:\n[\n  {\n    \"event_id\": \"\",\n    \"user\": {\n      \"anonymous_id\": \"6r41061c50\",\n      \"id\": \"123123d\",\n      \"email\": \"test@example.com\"\n    },\n    \"ids\": {},\n    \"utc_time\": \"2024-11-22T05:58:19.242Z\",\n    \"local_tz_offset\": -300,\n    \"api_key\": \"test-api-key\",\n    \"src\": \"usermaven\",\n    \"event_type\": \"$autocapture\",\n    \"namespace\": \"usermaven\",\n    \"autocapture_attributes\": {\n      \"tag_name\": \"div\",\n      \"classes\": [\n        \"form-group\"\n      ],\n      \"attr__class\": \"form-group\",\n      \"el_text\": \"\",\n      \"event_type\": \"click\"\n    },\n    \"referer\": \"http://localhost:5173/\",\n    \"url\": \"http://stage.test.local:5173/examples/autocapture.html#\",\n    \"page_title\": \"Usermaven SDK Autocapture Test Page\",\n    \"doc_path\": \"/examples/autocapture.html\",\n    \"doc_host\": \"stage.test.local\",\n    \"doc_search\": \"\",\n    \"screen_resolution\": \"1920x1080\",\n    \"vp_size\": \"1383x968\",\n    \"user_agent\": \"Mozilla/5.0 (X11; Ubuntu; Linux x86_64; rv:131.0) Gecko/20100101 Firefox/131.0\",\n    \"user_language\": \"en-US\",\n    \"doc_encoding\": \"UTF-8\",\n    \"utm\": {}\n  }\n]",
  "timestamp": "2024-11-22T05:58:19.653Z"
}
{
  "level": "info",
  "message": "Received event:\n[\n  {\n    \"event_id\": \"\",\n    \"user\": {\n      \"anonymous_id\": \"6r41061c50\",\n      \"id\": \"123123d\",\n      \"email\": \"test@example.com\"\n    },\n    \"ids\": {},\n    \"utc_time\": \"2024-11-22T05:58:21.376Z\",\n    \"local_tz_offset\": -300,\n    \"api_key\": \"test-api-key\",\n    \"src\": \"usermaven\",\n    \"event_type\": \"$scroll\",\n    \"namespace\": \"usermaven\",\n    \"event_attributes\": {\n      \"percent\": 38,\n      \"window_height\": 968,\n      \"document_height\": 1901,\n      \"scroll_distance\": 358\n    },\n    \"referer\": \"http://localhost:5173/\",\n    \"url\": \"http://stage.test.local:5173/examples/autocapture.html#\",\n    \"page_title\": \"Usermaven SDK Autocapture Test Page\",\n    \"doc_path\": \"/examples/autocapture.html\",\n    \"doc_host\": \"stage.test.local\",\n    \"doc_search\": \"\",\n    \"screen_resolution\": \"1920x1080\",\n    \"vp_size\": \"1383x968\",\n    \"user_agent\": \"Mozilla/5.0 (X11; Ubuntu; Linux x86_64; rv:131.0) Gecko/20100101 Firefox/131.0\",\n    \"user_language\": \"en-US\",\n    \"doc_encoding\": \"UTF-8\",\n    \"utm\": {}\n  },\n  {\n    \"event_id\": \"\",\n    \"user\": {\n      \"anonymous_id\": \"6r41061c50\",\n      \"id\": \"123123d\",\n      \"email\": \"test@example.com\"\n    },\n    \"ids\": {},\n    \"utc_time\": \"2024-11-22T05:58:21.394Z\",\n    \"local_tz_offset\": -300,\n    \"api_key\": \"test-api-key\",\n    \"src\": \"usermaven\",\n    \"event_type\": \"$scroll\",\n    \"namespace\": \"usermaven\",\n    \"event_attributes\": {\n      \"percent\": 57,\n      \"window_height\": 968,\n      \"document_height\": 1901,\n      \"scroll_distance\": 534\n    },\n    \"referer\": \"http://localhost:5173/\",\n    \"url\": \"http://stage.test.local:5173/examples/autocapture.html#\",\n    \"page_title\": \"Usermaven SDK Autocapture Test Page\",\n    \"doc_path\": \"/examples/autocapture.html\",\n    \"doc_host\": \"stage.test.local\",\n    \"doc_search\": \"\",\n    \"screen_resolution\": \"1920x1080\",\n    \"vp_size\": \"1383x968\",\n    \"user_agent\": \"Mozilla/5.0 (X11; Ubuntu; Linux x86_64; rv:131.0) Gecko/20100101 Firefox/131.0\",\n    \"user_language\": \"en-US\",\n    \"doc_encoding\": \"UTF-8\",\n    \"utm\": {}\n  }\n]",
  "timestamp": "2024-11-22T05:58:21.482Z"
}
{
  "level": "info",
  "message": "Received event:\n[\n  {\n    \"event_id\": \"\",\n    \"user\": {\n      \"anonymous_id\": \"6r41061c50\",\n      \"id\": \"123123d\",\n      \"email\": \"test@example.com\"\n    },\n    \"ids\": {},\n    \"utc_time\": \"2024-11-22T05:58:22.915Z\",\n    \"local_tz_offset\": -300,\n    \"api_key\": \"test-api-key\",\n    \"src\": \"usermaven\",\n    \"event_type\": \"$scroll\",\n    \"namespace\": \"usermaven\",\n    \"event_attributes\": {\n      \"percent\": 90,\n      \"window_height\": 968,\n      \"document_height\": 1901,\n      \"scroll_distance\": 840\n    },\n    \"referer\": \"http://localhost:5173/\",\n    \"url\": \"http://stage.test.local:5173/examples/autocapture.html#\",\n    \"page_title\": \"Usermaven SDK Autocapture Test Page\",\n    \"doc_path\": \"/examples/autocapture.html\",\n    \"doc_host\": \"stage.test.local\",\n    \"doc_search\": \"\",\n    \"screen_resolution\": \"1920x1080\",\n    \"vp_size\": \"1383x968\",\n    \"user_agent\": \"Mozilla/5.0 (X11; Ubuntu; Linux x86_64; rv:131.0) Gecko/20100101 Firefox/131.0\",\n    \"user_language\": \"en-US\",\n    \"doc_encoding\": \"UTF-8\",\n    \"utm\": {}\n  },\n  {\n    \"event_id\": \"\",\n    \"user\": {\n      \"anonymous_id\": \"6r41061c50\",\n      \"id\": \"123123d\",\n      \"email\": \"test@example.com\"\n    },\n    \"ids\": {},\n    \"utc_time\": \"2024-11-22T05:58:22.917Z\",\n    \"local_tz_offset\": -300,\n    \"api_key\": \"test-api-key\",\n    \"src\": \"usermaven\",\n    \"event_type\": \"$scroll\",\n    \"namespace\": \"usermaven\",\n    \"event_attributes\": {\n      \"percent\": 90,\n      \"window_height\": 968,\n      \"document_height\": 1901,\n      \"scroll_distance\": 840\n    },\n    \"referer\": \"http://localhost:5173/\",\n    \"url\": \"http://stage.test.local:5173/examples/autocapture.html#\",\n    \"page_title\": \"Usermaven SDK Autocapture Test Page\",\n    \"doc_path\": \"/examples/autocapture.html\",\n    \"doc_host\": \"stage.test.local\",\n    \"doc_search\": \"\",\n    \"screen_resolution\": \"1920x1080\",\n    \"vp_size\": \"1383x968\",\n    \"user_agent\": \"Mozilla/5.0 (X11; Ubuntu; Linux x86_64; rv:131.0) Gecko/20100101 Firefox/131.0\",\n    \"user_language\": \"en-US\",\n    \"doc_encoding\": \"UTF-8\",\n    \"utm\": {}\n  }\n]",
  "timestamp": "2024-11-22T05:58:22.938Z"
}
{
  "level": "info",
  "message": "Received event:\n[\n  {\n    \"event_id\": \"\",\n    \"user\": {\n      \"anonymous_id\": \"6r41061c50\",\n      \"id\": \"123123d\",\n      \"email\": \"test@example.com\"\n    },\n    \"ids\": {},\n    \"utc_time\": \"2024-11-22T05:58:30.313Z\",\n    \"local_tz_offset\": -300,\n    \"api_key\": \"test-api-key\",\n    \"src\": \"usermaven\",\n    \"event_type\": \"$autocapture\",\n    \"namespace\": \"usermaven\",\n    \"autocapture_attributes\": {\n      \"tag_name\": \"button\",\n      \"attr__onclick\": \"toggleDropdown()\",\n      \"el_text\": \"Dropdown Menu\",\n      \"event_type\": \"click\"\n    },\n    \"referer\": \"http://localhost:5173/\",\n    \"url\": \"http://stage.test.local:5173/examples/autocapture.html#\",\n    \"page_title\": \"Usermaven SDK Autocapture Test Page\",\n    \"doc_path\": \"/examples/autocapture.html\",\n    \"doc_host\": \"stage.test.local\",\n    \"doc_search\": \"\",\n    \"screen_resolution\": \"1920x1080\",\n    \"vp_size\": \"1383x968\",\n    \"user_agent\": \"Mozilla/5.0 (X11; Ubuntu; Linux x86_64; rv:131.0) Gecko/20100101 Firefox/131.0\",\n    \"user_language\": \"en-US\",\n    \"doc_encoding\": \"UTF-8\",\n    \"utm\": {}\n  }\n]",
  "timestamp": "2024-11-22T05:58:30.432Z"
}
{
  "level": "info",
  "message": "Received event:\n[\n  {\n    \"event_id\": \"\",\n    \"user\": {\n      \"anonymous_id\": \"6r41061c50\",\n      \"id\": \"123123d\",\n      \"email\": \"test@example.com\"\n    },\n    \"ids\": {},\n    \"utc_time\": \"2024-11-22T05:58:33.255Z\",\n    \"local_tz_offset\": -300,\n    \"api_key\": \"test-api-key\",\n    \"src\": \"usermaven\",\n    \"event_type\": \"$autocapture\",\n    \"namespace\": \"usermaven\",\n    \"autocapture_attributes\": {\n      \"tag_name\": \"a\",\n      \"attr__href\": \"#\",\n      \"attr__data-value\": \"option3\",\n      \"el_text\": \"Option 3\",\n      \"event_type\": \"click\"\n    },\n    \"referer\": \"http://localhost:5173/\",\n    \"url\": \"http://stage.test.local:5173/examples/autocapture.html#\",\n    \"page_title\": \"Usermaven SDK Autocapture Test Page\",\n    \"doc_path\": \"/examples/autocapture.html\",\n    \"doc_host\": \"stage.test.local\",\n    \"doc_search\": \"\",\n    \"screen_resolution\": \"1920x1080\",\n    \"vp_size\": \"1383x968\",\n    \"user_agent\": \"Mozilla/5.0 (X11; Ubuntu; Linux x86_64; rv:131.0) Gecko/20100101 Firefox/131.0\",\n    \"user_language\": \"en-US\",\n    \"doc_encoding\": \"UTF-8\",\n    \"utm\": {}\n  }\n]",
  "timestamp": "2024-11-22T05:58:33.307Z"
}
{
  "level": "info",
  "message": "Received event:\n[\n  {\n    \"event_id\": \"\",\n    \"user\": {\n      \"anonymous_id\": \"6r41061c50\",\n      \"id\": \"123123d\",\n      \"email\": \"test@example.com\"\n    },\n    \"ids\": {},\n    \"utc_time\": \"2024-11-22T05:58:49.997Z\",\n    \"local_tz_offset\": -300,\n    \"api_key\": \"test-api-key\",\n    \"src\": \"usermaven\",\n    \"event_type\": \"$autocapture\",\n    \"namespace\": \"usermaven\",\n    \"autocapture_attributes\": {\n      \"tag_name\": \"button\",\n      \"attr__onclick\": \"alert(&#039;Click alert&#039;)\",\n      \"el_text\": \"Show Alert\",\n      \"event_type\": \"click\"\n    },\n    \"referer\": \"http://localhost:5173/\",\n    \"url\": \"http://stage.test.local:5173/examples/autocapture.html#\",\n    \"page_title\": \"Usermaven SDK Autocapture Test Page\",\n    \"doc_path\": \"/examples/autocapture.html\",\n    \"doc_host\": \"stage.test.local\",\n    \"doc_search\": \"\",\n    \"screen_resolution\": \"1920x1080\",\n    \"vp_size\": \"1383x968\",\n    \"user_agent\": \"Mozilla/5.0 (X11; Ubuntu; Linux x86_64; rv:131.0) Gecko/20100101 Firefox/131.0\",\n    \"user_language\": \"en-US\",\n    \"doc_encoding\": \"UTF-8\",\n    \"utm\": {}\n  }\n]",
  "timestamp": "2024-11-22T05:58:51.936Z"
}
{
  "level": "info",
  "message": "Received event:\n[\n  {\n    \"event_id\": \"\",\n    \"user\": {\n      \"anonymous_id\": \"6r41061c50\",\n      \"id\": \"123123d\",\n      \"email\": \"test@example.com\"\n    },\n    \"ids\": {},\n    \"utc_time\": \"2024-11-22T05:58:52.744Z\",\n    \"local_tz_offset\": -300,\n    \"api_key\": \"test-api-key\",\n    \"src\": \"usermaven\",\n    \"event_type\": \"$autocapture\",\n    \"namespace\": \"usermaven\",\n    \"autocapture_attributes\": {\n      \"tag_name\": \"button\",\n      \"attr__data-custom-attr\": \"test\",\n      \"el_text\": \"Button with Custom Attribute\",\n      \"event_type\": \"click\"\n    },\n    \"referer\": \"http://localhost:5173/\",\n    \"url\": \"http://stage.test.local:5173/examples/autocapture.html#\",\n    \"page_title\": \"Usermaven SDK Autocapture Test Page\",\n    \"doc_path\": \"/examples/autocapture.html\",\n    \"doc_host\": \"stage.test.local\",\n    \"doc_search\": \"\",\n    \"screen_resolution\": \"1920x1080\",\n    \"vp_size\": \"1383x968\",\n    \"user_agent\": \"Mozilla/5.0 (X11; Ubuntu; Linux x86_64; rv:131.0) Gecko/20100101 Firefox/131.0\",\n    \"user_language\": \"en-US\",\n    \"doc_encoding\": \"UTF-8\",\n    \"utm\": {}\n  }\n]",
  "timestamp": "2024-11-22T05:58:52.944Z"
}
{
  "level": "info",
  "message": "Received event:\n[\n  {\n    \"event_id\": \"\",\n    \"user\": {\n      \"anonymous_id\": \"6r41061c50\",\n      \"id\": \"123123d\",\n      \"email\": \"test@example.com\"\n    },\n    \"ids\": {},\n    \"utc_time\": \"2024-11-22T05:58:54.891Z\",\n    \"local_tz_offset\": -300,\n    \"api_key\": \"test-api-key\",\n    \"src\": \"usermaven\",\n    \"event_type\": \"$autocapture\",\n    \"namespace\": \"usermaven\",\n    \"autocapture_attributes\": {\n      \"tag_name\": \"button\",\n      \"attr__type\": \"reset\",\n      \"el_text\": \"Reset Form\",\n      \"event_type\": \"click\"\n    },\n    \"referer\": \"http://localhost:5173/\",\n    \"url\": \"http://stage.test.local:5173/examples/autocapture.html#\",\n    \"page_title\": \"Usermaven SDK Autocapture Test Page\",\n    \"doc_path\": \"/examples/autocapture.html\",\n    \"doc_host\": \"stage.test.local\",\n    \"doc_search\": \"\",\n    \"screen_resolution\": \"1920x1080\",\n    \"vp_size\": \"1383x968\",\n    \"user_agent\": \"Mozilla/5.0 (X11; Ubuntu; Linux x86_64; rv:131.0) Gecko/20100101 Firefox/131.0\",\n    \"user_language\": \"en-US\",\n    \"doc_encoding\": \"UTF-8\",\n    \"utm\": {}\n  }\n]",
  "timestamp": "2024-11-22T05:58:54.985Z"
}
{
  "level": "info",
  "message": "Received event:\n[\n  {\n    \"event_id\": \"\",\n    \"user\": {\n      \"anonymous_id\": \"6r41061c50\",\n      \"id\": \"123123d\",\n      \"email\": \"test@example.com\"\n    },\n    \"ids\": {},\n    \"utc_time\": \"2024-11-22T05:58:57.264Z\",\n    \"local_tz_offset\": -300,\n    \"api_key\": \"test-api-key\",\n    \"src\": \"usermaven\",\n    \"event_type\": \"$autocapture\",\n    \"namespace\": \"usermaven\",\n    \"autocapture_attributes\": {\n      \"tag_name\": \"button\",\n      \"attr__onclick\": \"document.getElementById(&#039;testModal&#039;).style.display=&#039;block&#039;;document.getElementById(&#039;modalBackdrop&#039;).style.display=&#039;block&#039;\",\n      \"el_text\": \"Open Modal\",\n      \"event_type\": \"click\"\n    },\n    \"referer\": \"http://localhost:5173/\",\n    \"url\": \"http://stage.test.local:5173/examples/autocapture.html#\",\n    \"page_title\": \"Usermaven SDK Autocapture Test Page\",\n    \"doc_path\": \"/examples/autocapture.html\",\n    \"doc_host\": \"stage.test.local\",\n    \"doc_search\": \"\",\n    \"screen_resolution\": \"1920x1080\",\n    \"vp_size\": \"1383x968\",\n    \"user_agent\": \"Mozilla/5.0 (X11; Ubuntu; Linux x86_64; rv:131.0) Gecko/20100101 Firefox/131.0\",\n    \"user_language\": \"en-US\",\n    \"doc_encoding\": \"UTF-8\",\n    \"utm\": {}\n  }\n]",
  "timestamp": "2024-11-22T05:58:57.429Z"
}
{
  "level": "info",
  "message": "Received event:\n[\n  {\n    \"event_id\": \"\",\n    \"user\": {\n      \"anonymous_id\": \"6r41061c50\",\n      \"id\": \"123123d\",\n      \"email\": \"test@example.com\"\n    },\n    \"ids\": {},\n    \"utc_time\": \"2024-11-22T05:58:58.696Z\",\n    \"local_tz_offset\": -300,\n    \"api_key\": \"test-api-key\",\n    \"src\": \"usermaven\",\n    \"event_type\": \"$autocapture\",\n    \"namespace\": \"usermaven\",\n    \"autocapture_attributes\": {\n      \"tag_name\": \"button\",\n      \"attr__onclick\": \"document.getElementById(&#039;testModal&#039;).style.display=&#039;none&#039;;document.getElementById(&#039;modalBackdrop&#039;).style.display=&#039;none&#039;\",\n      \"el_text\": \"Close Modal\",\n      \"event_type\": \"click\"\n    },\n    \"referer\": \"http://localhost:5173/\",\n    \"url\": \"http://stage.test.local:5173/examples/autocapture.html#\",\n    \"page_title\": \"Usermaven SDK Autocapture Test Page\",\n    \"doc_path\": \"/examples/autocapture.html\",\n    \"doc_host\": \"stage.test.local\",\n    \"doc_search\": \"\",\n    \"screen_resolution\": \"1920x1080\",\n    \"vp_size\": \"1383x968\",\n    \"user_agent\": \"Mozilla/5.0 (X11; Ubuntu; Linux x86_64; rv:131.0) Gecko/20100101 Firefox/131.0\",\n    \"user_language\": \"en-US\",\n    \"doc_encoding\": \"UTF-8\",\n    \"utm\": {}\n  }\n]",
  "timestamp": "2024-11-22T05:58:58.880Z"
}
{
  "level": "info",
  "message": "Received event:\n[\n  {\n    \"event_id\": \"\",\n    \"user\": {\n      \"anonymous_id\": \"6r41061c50\",\n      \"id\": \"123123d\",\n      \"email\": \"test@example.com\"\n    },\n    \"ids\": {},\n    \"utc_time\": \"2024-11-22T05:59:02.153Z\",\n    \"local_tz_offset\": -300,\n    \"api_key\": \"test-api-key\",\n    \"src\": \"usermaven\",\n    \"event_type\": \"$autocapture\",\n    \"namespace\": \"usermaven\",\n    \"autocapture_attributes\": {\n      \"tag_name\": \"div\",\n      \"classes\": [\n        \"tab\"\n      ],\n      \"attr__class\": \"tab\",\n      \"attr__onclick\": \"showTab(&#039;tab2&#039;)\",\n      \"el_text\": \"Tab 2\",\n      \"event_type\": \"click\"\n    },\n    \"referer\": \"http://localhost:5173/\",\n    \"url\": \"http://stage.test.local:5173/examples/autocapture.html#\",\n    \"page_title\": \"Usermaven SDK Autocapture Test Page\",\n    \"doc_path\": \"/examples/autocapture.html\",\n    \"doc_host\": \"stage.test.local\",\n    \"doc_search\": \"\",\n    \"screen_resolution\": \"1920x1080\",\n    \"vp_size\": \"1383x968\",\n    \"user_agent\": \"Mozilla/5.0 (X11; Ubuntu; Linux x86_64; rv:131.0) Gecko/20100101 Firefox/131.0\",\n    \"user_language\": \"en-US\",\n    \"doc_encoding\": \"UTF-8\",\n    \"utm\": {}\n  }\n]",
  "timestamp": "2024-11-22T05:59:02.335Z"
}
{
  "level": "info",
  "message": "Received event:\n[\n  {\n    \"event_id\": \"\",\n    \"user\": {\n      \"anonymous_id\": \"6r41061c50\",\n      \"id\": \"123123d\",\n      \"email\": \"test@example.com\"\n    },\n    \"ids\": {},\n    \"utc_time\": \"2024-11-22T05:59:02.957Z\",\n    \"local_tz_offset\": -300,\n    \"api_key\": \"test-api-key\",\n    \"src\": \"usermaven\",\n    \"event_type\": \"$autocapture\",\n    \"namespace\": \"usermaven\",\n    \"autocapture_attributes\": {\n      \"tag_name\": \"div\",\n      \"classes\": [\n        \"tab\"\n      ],\n      \"attr__class\": \"tab\",\n      \"attr__onclick\": \"showTab(&#039;tab3&#039;)\",\n      \"el_text\": \"Tab 3\",\n      \"event_type\": \"click\"\n    },\n    \"referer\": \"http://localhost:5173/\",\n    \"url\": \"http://stage.test.local:5173/examples/autocapture.html#\",\n    \"page_title\": \"Usermaven SDK Autocapture Test Page\",\n    \"doc_path\": \"/examples/autocapture.html\",\n    \"doc_host\": \"stage.test.local\",\n    \"doc_search\": \"\",\n    \"screen_resolution\": \"1920x1080\",\n    \"vp_size\": \"1383x968\",\n    \"user_agent\": \"Mozilla/5.0 (X11; Ubuntu; Linux x86_64; rv:131.0) Gecko/20100101 Firefox/131.0\",\n    \"user_language\": \"en-US\",\n    \"doc_encoding\": \"UTF-8\",\n    \"utm\": {}\n  }\n]",
  "timestamp": "2024-11-22T05:59:03.169Z"
}
{
  "level": "info",
  "message": "Received event:\n[\n  {\n    \"event_id\": \"\",\n    \"user\": {\n      \"anonymous_id\": \"6r41061c50\",\n      \"id\": \"123123d\",\n      \"email\": \"test@example.com\"\n    },\n    \"ids\": {},\n    \"utc_time\": \"2024-11-22T05:59:03.895Z\",\n    \"local_tz_offset\": -300,\n    \"api_key\": \"test-api-key\",\n    \"src\": \"usermaven\",\n    \"event_type\": \"$autocapture\",\n    \"namespace\": \"usermaven\",\n    \"autocapture_attributes\": {\n      \"tag_name\": \"div\",\n      \"classes\": [\n        \"tab\"\n      ],\n      \"attr__class\": \"tab\",\n      \"attr__onclick\": \"showTab(&#039;tab1&#039;)\",\n      \"el_text\": \"Tab 1\",\n      \"event_type\": \"click\"\n    },\n    \"referer\": \"http://localhost:5173/\",\n    \"url\": \"http://stage.test.local:5173/examples/autocapture.html#\",\n    \"page_title\": \"Usermaven SDK Autocapture Test Page\",\n    \"doc_path\": \"/examples/autocapture.html\",\n    \"doc_host\": \"stage.test.local\",\n    \"doc_search\": \"\",\n    \"screen_resolution\": \"1920x1080\",\n    \"vp_size\": \"1383x968\",\n    \"user_agent\": \"Mozilla/5.0 (X11; Ubuntu; Linux x86_64; rv:131.0) Gecko/20100101 Firefox/131.0\",\n    \"user_language\": \"en-US\",\n    \"doc_encoding\": \"UTF-8\",\n    \"utm\": {}\n  }\n]",
  "timestamp": "2024-11-22T05:59:03.995Z"
}
{
  "level": "info",
  "message": "Received event:\n[\n  {\n    \"event_id\": \"\",\n    \"user\": {\n      \"anonymous_id\": \"6r41061c50\",\n      \"id\": \"123123d\",\n      \"email\": \"test@example.com\"\n    },\n    \"ids\": {},\n    \"utc_time\": \"2024-11-22T06:01:54.006Z\",\n    \"local_tz_offset\": -300,\n    \"api_key\": \"test-api-key\",\n    \"src\": \"usermaven\",\n    \"event_type\": \"$pageleave\",\n    \"namespace\": \"usermaven\",\n    \"event_attributes\": {\n      \"url\": \"http://stage.test.local:5173/examples/autocapture.html#\",\n      \"referrer\": \"http://localhost:5173/\",\n      \"title\": \"Usermaven SDK Autocapture Test Page\"\n    },\n    \"referer\": \"http://localhost:5173/\",\n    \"url\": \"http://stage.test.local:5173/examples/autocapture.html#\",\n    \"page_title\": \"Usermaven SDK Autocapture Test Page\",\n    \"doc_path\": \"/examples/autocapture.html\",\n    \"doc_host\": \"stage.test.local\",\n    \"doc_search\": \"\",\n    \"screen_resolution\": \"1920x1080\",\n    \"vp_size\": \"1383x968\",\n    \"user_agent\": \"Mozilla/5.0 (X11; Ubuntu; Linux x86_64; rv:131.0) Gecko/20100101 Firefox/131.0\",\n    \"user_language\": \"en-US\",\n    \"doc_encoding\": \"UTF-8\",\n    \"utm\": {}\n  }\n]",
  "timestamp": "2024-11-22T06:01:55.073Z"
}
{
  "level": "info",
  "message": "Received event:\n{\n  \"event_id\": \"\",\n  \"user\": {\n    \"anonymous_id\": \"6r41061c50\",\n    \"id\": \"123123d\",\n    \"email\": \"test@example.com\"\n  },\n  \"ids\": {},\n  \"utc_time\": \"2024-11-22T06:04:54.399Z\",\n  \"local_tz_offset\": -300,\n  \"api_key\": \"test-api-key\",\n  \"src\": \"usermaven\",\n  \"event_type\": \"pageview\",\n  \"namespace\": \"usermaven\",\n  \"event_attributes\": {\n    \"url\": \"http://stage.test.local:5173/examples/autocapture.html#\",\n    \"referrer\": \"http://localhost:5173/\",\n    \"title\": \"Usermaven SDK Autocapture Test Page\"\n  },\n  \"referer\": \"http://localhost:5173/\",\n  \"url\": \"http://stage.test.local:5173/examples/autocapture.html#\",\n  \"page_title\": \"Usermaven SDK Autocapture Test Page\",\n  \"doc_path\": \"/examples/autocapture.html\",\n  \"doc_host\": \"stage.test.local\",\n  \"doc_search\": \"\",\n  \"screen_resolution\": \"1920x1080\",\n  \"vp_size\": \"1383x968\",\n  \"user_agent\": \"Mozilla/5.0 (X11; Ubuntu; Linux x86_64; rv:131.0) Gecko/20100101 Firefox/131.0\",\n  \"user_language\": \"en-US\",\n  \"doc_encoding\": \"UTF-8\",\n  \"utm\": {}\n}",
  "timestamp": "2024-11-22T06:04:54.458Z"
}
{
  "level": "info",
  "message": "Received event:\n[\n  {\n    \"event_id\": \"\",\n    \"user\": {\n      \"anonymous_id\": \"6r41061c50\",\n      \"id\": \"123123d\",\n      \"email\": \"test@example.com\"\n    },\n    \"ids\": {},\n    \"utc_time\": \"2024-11-22T06:04:54.894Z\",\n    \"local_tz_offset\": -300,\n    \"api_key\": \"test-api-key\",\n    \"src\": \"usermaven\",\n    \"event_type\": \"$scroll\",\n    \"namespace\": \"usermaven\",\n    \"event_attributes\": {\n      \"percent\": 29,\n      \"window_height\": 968,\n      \"document_height\": 4091,\n      \"scroll_distance\": 933\n    },\n    \"referer\": \"http://localhost:5173/\",\n    \"url\": \"http://stage.test.local:5173/examples/autocapture.html#\",\n    \"page_title\": \"Usermaven SDK Autocapture Test Page\",\n    \"doc_path\": \"/examples/autocapture.html\",\n    \"doc_host\": \"stage.test.local\",\n    \"doc_search\": \"\",\n    \"screen_resolution\": \"1920x1080\",\n    \"vp_size\": \"1383x968\",\n    \"user_agent\": \"Mozilla/5.0 (X11; Ubuntu; Linux x86_64; rv:131.0) Gecko/20100101 Firefox/131.0\",\n    \"user_language\": \"en-US\",\n    \"doc_encoding\": \"UTF-8\",\n    \"utm\": {}\n  }\n]",
  "timestamp": "2024-11-22T06:04:55.406Z"
}
{
  "level": "info",
  "message": "Received event:\n{\n  \"event_id\": \"\",\n  \"user\": {\n    \"anonymous_id\": \"6r41061c50\",\n    \"id\": \"123123d\",\n    \"email\": \"test@example.com\"\n  },\n  \"ids\": {},\n  \"utc_time\": \"2024-11-22T06:05:08.678Z\",\n  \"local_tz_offset\": -300,\n  \"api_key\": \"test-api-key\",\n  \"src\": \"usermaven\",\n  \"event_type\": \"pageview\",\n  \"namespace\": \"usermaven\",\n  \"event_attributes\": {\n    \"url\": \"http://stage.test.local:5173/examples/autocapture.html#\",\n    \"referrer\": \"http://localhost:5173/\",\n    \"title\": \"Usermaven SDK Autocapture Test Page\"\n  },\n  \"referer\": \"http://localhost:5173/\",\n  \"url\": \"http://stage.test.local:5173/examples/autocapture.html#\",\n  \"page_title\": \"Usermaven SDK Autocapture Test Page\",\n  \"doc_path\": \"/examples/autocapture.html\",\n  \"doc_host\": \"stage.test.local\",\n  \"doc_search\": \"\",\n  \"screen_resolution\": \"1920x1080\",\n  \"vp_size\": \"1383x968\",\n  \"user_agent\": \"Mozilla/5.0 (X11; Ubuntu; Linux x86_64; rv:131.0) Gecko/20100101 Firefox/131.0\",\n  \"user_language\": \"en-US\",\n  \"doc_encoding\": \"UTF-8\",\n  \"utm\": {}\n}",
  "timestamp": "2024-11-22T06:05:08.690Z"
}
{
  "level": "info",
  "message": "Received event:\n[\n  {\n    \"event_id\": \"\",\n    \"user\": {\n      \"anonymous_id\": \"6r41061c50\",\n      \"id\": \"123123d\",\n      \"email\": \"test@example.com\"\n    },\n    \"ids\": {},\n    \"utc_time\": \"2024-11-22T06:05:10.311Z\",\n    \"local_tz_offset\": -300,\n    \"api_key\": \"test-api-key\",\n    \"src\": \"usermaven\",\n    \"event_type\": \"$autocapture\",\n    \"namespace\": \"usermaven\",\n    \"autocapture_attributes\": {\n      \"tag_name\": \"span\",\n      \"classes\": [\n        \"fa-stack\"\n      ],\n      \"attr__class\": \"fa-stack\",\n      \"attr__href\": \"#\",\n      \"el_text\": \"\",\n      \"event_type\": \"click\"\n    },\n    \"referer\": \"http://localhost:5173/\",\n    \"url\": \"http://stage.test.local:5173/examples/autocapture.html#\",\n    \"page_title\": \"Usermaven SDK Autocapture Test Page\",\n    \"doc_path\": \"/examples/autocapture.html\",\n    \"doc_host\": \"stage.test.local\",\n    \"doc_search\": \"\",\n    \"screen_resolution\": \"1920x1080\",\n    \"vp_size\": \"1383x968\",\n    \"user_agent\": \"Mozilla/5.0 (X11; Ubuntu; Linux x86_64; rv:131.0) Gecko/20100101 Firefox/131.0\",\n    \"user_language\": \"en-US\",\n    \"doc_encoding\": \"UTF-8\",\n    \"utm\": {}\n  },\n  {\n    \"event_id\": \"\",\n    \"user\": {\n      \"anonymous_id\": \"6r41061c50\",\n      \"id\": \"123123d\",\n      \"email\": \"test@example.com\"\n    },\n    \"ids\": {},\n    \"utc_time\": \"2024-11-22T06:05:10.433Z\",\n    \"local_tz_offset\": -300,\n    \"api_key\": \"test-api-key\",\n    \"src\": \"usermaven\",\n    \"event_type\": \"$scroll\",\n    \"namespace\": \"usermaven\",\n    \"event_attributes\": {\n      \"percent\": 27,\n      \"window_height\": 968,\n      \"document_height\": 4091,\n      \"scroll_distance\": 865\n    },\n    \"referer\": \"http://localhost:5173/\",\n    \"url\": \"http://stage.test.local:5173/examples/autocapture.html#\",\n    \"page_title\": \"Usermaven SDK Autocapture Test Page\",\n    \"doc_path\": \"/examples/autocapture.html\",\n    \"doc_host\": \"stage.test.local\",\n    \"doc_search\": \"\",\n    \"screen_resolution\": \"1920x1080\",\n    \"vp_size\": \"1383x968\",\n    \"user_agent\": \"Mozilla/5.0 (X11; Ubuntu; Linux x86_64; rv:131.0) Gecko/20100101 Firefox/131.0\",\n    \"user_language\": \"en-US\",\n    \"doc_encoding\": \"UTF-8\",\n    \"utm\": {}\n  }\n]",
  "timestamp": "2024-11-22T06:05:10.508Z"
}
{
  "level": "info",
  "message": "Received event:\n[\n  {\n    \"event_id\": \"\",\n    \"user\": {\n      \"anonymous_id\": \"6r41061c50\",\n      \"id\": \"123123d\",\n      \"email\": \"test@example.com\"\n    },\n    \"ids\": {},\n    \"utc_time\": \"2024-11-22T06:05:12.754Z\",\n    \"local_tz_offset\": -300,\n    \"api_key\": \"test-api-key\",\n    \"src\": \"usermaven\",\n    \"event_type\": \"$scroll\",\n    \"namespace\": \"usermaven\",\n    \"event_attributes\": {\n      \"percent\": 50,\n      \"window_height\": 968,\n      \"document_height\": 4091,\n      \"scroll_distance\": 1577\n    },\n    \"referer\": \"http://localhost:5173/\",\n    \"url\": \"http://stage.test.local:5173/examples/autocapture.html#\",\n    \"page_title\": \"Usermaven SDK Autocapture Test Page\",\n    \"doc_path\": \"/examples/autocapture.html\",\n    \"doc_host\": \"stage.test.local\",\n    \"doc_search\": \"\",\n    \"screen_resolution\": \"1920x1080\",\n    \"vp_size\": \"1383x968\",\n    \"user_agent\": \"Mozilla/5.0 (X11; Ubuntu; Linux x86_64; rv:131.0) Gecko/20100101 Firefox/131.0\",\n    \"user_language\": \"en-US\",\n    \"doc_encoding\": \"UTF-8\",\n    \"utm\": {}\n  }\n]",
  "timestamp": "2024-11-22T06:05:12.762Z"
}
{
  "level": "info",
  "message": "Received event:\n[\n  {\n    \"event_id\": \"\",\n    \"user\": {\n      \"anonymous_id\": \"6r41061c50\",\n      \"id\": \"123123d\",\n      \"email\": \"test@example.com\"\n    },\n    \"ids\": {},\n    \"utc_time\": \"2024-11-22T06:05:13.070Z\",\n    \"local_tz_offset\": -300,\n    \"api_key\": \"test-api-key\",\n    \"src\": \"usermaven\",\n    \"event_type\": \"$scroll\",\n    \"namespace\": \"usermaven\",\n    \"event_attributes\": {\n      \"percent\": 76,\n      \"window_height\": 968,\n      \"document_height\": 4091,\n      \"scroll_distance\": 2381\n    },\n    \"referer\": \"http://localhost:5173/\",\n    \"url\": \"http://stage.test.local:5173/examples/autocapture.html#\",\n    \"page_title\": \"Usermaven SDK Autocapture Test Page\",\n    \"doc_path\": \"/examples/autocapture.html\",\n    \"doc_host\": \"stage.test.local\",\n    \"doc_search\": \"\",\n    \"screen_resolution\": \"1920x1080\",\n    \"vp_size\": \"1383x968\",\n    \"user_agent\": \"Mozilla/5.0 (X11; Ubuntu; Linux x86_64; rv:131.0) Gecko/20100101 Firefox/131.0\",\n    \"user_language\": \"en-US\",\n    \"doc_encoding\": \"UTF-8\",\n    \"utm\": {}\n  }\n]",
  "timestamp": "2024-11-22T06:05:13.178Z"
}
{
  "level": "info",
  "message": "Received event:\n[\n  {\n    \"event_id\": \"\",\n    \"user\": {\n      \"anonymous_id\": \"6r41061c50\",\n      \"id\": \"123123d\",\n      \"email\": \"test@example.com\"\n    },\n    \"ids\": {},\n    \"utc_time\": \"2024-11-22T06:05:14.660Z\",\n    \"local_tz_offset\": -300,\n    \"api_key\": \"test-api-key\",\n    \"src\": \"usermaven\",\n    \"event_type\": \"$autocapture\",\n    \"namespace\": \"usermaven\",\n    \"autocapture_attributes\": {\n      \"tag_name\": \"i\",\n      \"classes\": [\n        \"qode_icon_font_awesome\",\n        \"fa\",\n        \"fa-arrow-up\"\n      ],\n      \"attr__class\": \"qode_icon_font_awesome fa fa-arrow-up\",\n      \"attr__href\": \"#\",\n      \"el_text\": \"\",\n      \"event_type\": \"click\"\n    },\n    \"referer\": \"http://localhost:5173/\",\n    \"url\": \"http://stage.test.local:5173/examples/autocapture.html#\",\n    \"page_title\": \"Usermaven SDK Autocapture Test Page\",\n    \"doc_path\": \"/examples/autocapture.html\",\n    \"doc_host\": \"stage.test.local\",\n    \"doc_search\": \"\",\n    \"screen_resolution\": \"1920x1080\",\n    \"vp_size\": \"1383x968\",\n    \"user_agent\": \"Mozilla/5.0 (X11; Ubuntu; Linux x86_64; rv:131.0) Gecko/20100101 Firefox/131.0\",\n    \"user_language\": \"en-US\",\n    \"doc_encoding\": \"UTF-8\",\n    \"utm\": {}\n  }\n]",
  "timestamp": "2024-11-22T06:05:14.803Z"
}
{
  "level": "info",
  "message": "Received event:\n[\n  {\n    \"event_id\": \"\",\n    \"user\": {\n      \"anonymous_id\": \"6r41061c50\",\n      \"id\": \"123123d\",\n      \"email\": \"test@example.com\"\n    },\n    \"ids\": {},\n    \"utc_time\": \"2024-11-22T06:05:17.159Z\",\n    \"local_tz_offset\": -300,\n    \"api_key\": \"test-api-key\",\n    \"src\": \"usermaven\",\n    \"event_type\": \"$scroll\",\n    \"namespace\": \"usermaven\",\n    \"event_attributes\": {\n      \"percent\": 90,\n      \"window_height\": 968,\n      \"document_height\": 4091,\n      \"scroll_distance\": 2823\n    },\n    \"referer\": \"http://localhost:5173/\",\n    \"url\": \"http://stage.test.local:5173/examples/autocapture.html#\",\n    \"page_title\": \"Usermaven SDK Autocapture Test Page\",\n    \"doc_path\": \"/examples/autocapture.html\",\n    \"doc_host\": \"stage.test.local\",\n    \"doc_search\": \"\",\n    \"screen_resolution\": \"1920x1080\",\n    \"vp_size\": \"1383x968\",\n    \"user_agent\": \"Mozilla/5.0 (X11; Ubuntu; Linux x86_64; rv:131.0) Gecko/20100101 Firefox/131.0\",\n    \"user_language\": \"en-US\",\n    \"doc_encoding\": \"UTF-8\",\n    \"utm\": {}\n  }\n]",
  "timestamp": "2024-11-22T06:05:17.258Z"
}
{
  "level": "info",
  "message": "Received event:\n[\n  {\n    \"event_id\": \"\",\n    \"user\": {\n      \"anonymous_id\": \"6r41061c50\",\n      \"id\": \"123123d\",\n      \"email\": \"test@example.com\"\n    },\n    \"ids\": {},\n    \"utc_time\": \"2024-11-22T06:05:50.475Z\",\n    \"local_tz_offset\": -300,\n    \"api_key\": \"test-api-key\",\n    \"src\": \"usermaven\",\n    \"event_type\": \"$pageleave\",\n    \"namespace\": \"usermaven\",\n    \"event_attributes\": {\n      \"url\": \"http://stage.test.local:5173/examples/autocapture.html#\",\n      \"referrer\": \"http://localhost:5173/\",\n      \"title\": \"Usermaven SDK Autocapture Test Page\"\n    },\n    \"referer\": \"http://localhost:5173/\",\n    \"url\": \"http://stage.test.local:5173/examples/autocapture.html#\",\n    \"page_title\": \"Usermaven SDK Autocapture Test Page\",\n    \"doc_path\": \"/examples/autocapture.html\",\n    \"doc_host\": \"stage.test.local\",\n    \"doc_search\": \"\",\n    \"screen_resolution\": \"1920x1080\",\n    \"vp_size\": \"1383x968\",\n    \"user_agent\": \"Mozilla/5.0 (X11; Ubuntu; Linux x86_64; rv:131.0) Gecko/20100101 Firefox/131.0\",\n    \"user_language\": \"en-US\",\n    \"doc_encoding\": \"UTF-8\",\n    \"utm\": {}\n  }\n]",
  "timestamp": "2024-11-22T06:05:51.510Z"
}
{
  "level": "info",
  "message": "Received event:\n{\n  \"event_id\": \"\",\n  \"user\": {\n    \"anonymous_id\": \"6r41061c50\",\n    \"id\": \"123123d\",\n    \"email\": \"test@example.com\"\n  },\n  \"ids\": {},\n  \"utc_time\": \"2024-11-22T06:06:36.462Z\",\n  \"local_tz_offset\": -300,\n  \"api_key\": \"test-api-key\",\n  \"src\": \"usermaven\",\n  \"event_type\": \"pageview\",\n  \"namespace\": \"usermaven\",\n  \"event_attributes\": {\n    \"url\": \"http://stage.test.local:5173/examples/autocapture.html#\",\n    \"referrer\": \"http://localhost:5173/\",\n    \"title\": \"Usermaven SDK Autocapture Test Page\"\n  },\n  \"referer\": \"http://localhost:5173/\",\n  \"url\": \"http://stage.test.local:5173/examples/autocapture.html#\",\n  \"page_title\": \"Usermaven SDK Autocapture Test Page\",\n  \"doc_path\": \"/examples/autocapture.html\",\n  \"doc_host\": \"stage.test.local\",\n  \"doc_search\": \"\",\n  \"screen_resolution\": \"1920x1080\",\n  \"vp_size\": \"1383x968\",\n  \"user_agent\": \"Mozilla/5.0 (X11; Ubuntu; Linux x86_64; rv:131.0) Gecko/20100101 Firefox/131.0\",\n  \"user_language\": \"en-US\",\n  \"doc_encoding\": \"UTF-8\",\n  \"utm\": {}\n}",
  "timestamp": "2024-11-22T06:06:36.495Z"
}
{
  "level": "info",
  "message": "Received event:\n[\n  {\n    \"event_id\": \"\",\n    \"user\": {\n      \"anonymous_id\": \"6r41061c50\",\n      \"id\": \"123123d\",\n      \"email\": \"test@example.com\"\n    },\n    \"ids\": {},\n    \"utc_time\": \"2024-11-22T06:06:37.375Z\",\n    \"local_tz_offset\": -300,\n    \"api_key\": \"test-api-key\",\n    \"src\": \"usermaven\",\n    \"event_type\": \"$scroll\",\n    \"namespace\": \"usermaven\",\n    \"event_attributes\": {\n      \"percent\": 67,\n      \"window_height\": 968,\n      \"document_height\": 4091,\n      \"scroll_distance\": 2097\n    },\n    \"referer\": \"http://localhost:5173/\",\n    \"url\": \"http://stage.test.local:5173/examples/autocapture.html#\",\n    \"page_title\": \"Usermaven SDK Autocapture Test Page\",\n    \"doc_path\": \"/examples/autocapture.html\",\n    \"doc_host\": \"stage.test.local\",\n    \"doc_search\": \"\",\n    \"screen_resolution\": \"1920x1080\",\n    \"vp_size\": \"1383x968\",\n    \"user_agent\": \"Mozilla/5.0 (X11; Ubuntu; Linux x86_64; rv:131.0) Gecko/20100101 Firefox/131.0\",\n    \"user_language\": \"en-US\",\n    \"doc_encoding\": \"UTF-8\",\n    \"utm\": {}\n  },\n  {\n    \"event_id\": \"\",\n    \"user\": {\n      \"anonymous_id\": \"6r41061c50\",\n      \"id\": \"123123d\",\n      \"email\": \"test@example.com\"\n    },\n    \"ids\": {},\n    \"utc_time\": \"2024-11-22T06:06:37.376Z\",\n    \"local_tz_offset\": -300,\n    \"api_key\": \"test-api-key\",\n    \"src\": \"usermaven\",\n    \"event_type\": \"$scroll\",\n    \"namespace\": \"usermaven\",\n    \"event_attributes\": {\n      \"percent\": 67,\n      \"window_height\": 968,\n      \"document_height\": 4091,\n      \"scroll_distance\": 2097\n    },\n    \"referer\": \"http://localhost:5173/\",\n    \"url\": \"http://stage.test.local:5173/examples/autocapture.html#\",\n    \"page_title\": \"Usermaven SDK Autocapture Test Page\",\n    \"doc_path\": \"/examples/autocapture.html\",\n    \"doc_host\": \"stage.test.local\",\n    \"doc_search\": \"\",\n    \"screen_resolution\": \"1920x1080\",\n    \"vp_size\": \"1383x968\",\n    \"user_agent\": \"Mozilla/5.0 (X11; Ubuntu; Linux x86_64; rv:131.0) Gecko/20100101 Firefox/131.0\",\n    \"user_language\": \"en-US\",\n    \"doc_encoding\": \"UTF-8\",\n    \"utm\": {}\n  }\n]",
  "timestamp": "2024-11-22T06:06:37.487Z"
}
{
  "level": "info",
  "message": "Received event:\n{\n  \"event_id\": \"\",\n  \"user\": {\n    \"anonymous_id\": \"6r41061c50\",\n    \"id\": \"123123d\",\n    \"email\": \"test@example.com\"\n  },\n  \"ids\": {},\n  \"utc_time\": \"2024-11-22T06:06:41.217Z\",\n  \"local_tz_offset\": -300,\n  \"api_key\": \"test-api-key\",\n  \"src\": \"usermaven\",\n  \"event_type\": \"pageview\",\n  \"namespace\": \"usermaven\",\n  \"event_attributes\": {\n    \"url\": \"http://stage.test.local:5173/examples/autocapture.html#\",\n    \"referrer\": \"http://localhost:5173/\",\n    \"title\": \"Usermaven SDK Autocapture Test Page\"\n  },\n  \"referer\": \"http://localhost:5173/\",\n  \"url\": \"http://stage.test.local:5173/examples/autocapture.html#\",\n  \"page_title\": \"Usermaven SDK Autocapture Test Page\",\n  \"doc_path\": \"/examples/autocapture.html\",\n  \"doc_host\": \"stage.test.local\",\n  \"doc_search\": \"\",\n  \"screen_resolution\": \"1920x1080\",\n  \"vp_size\": \"1383x968\",\n  \"user_agent\": \"Mozilla/5.0 (X11; Ubuntu; Linux x86_64; rv:131.0) Gecko/20100101 Firefox/131.0\",\n  \"user_language\": \"en-US\",\n  \"doc_encoding\": \"UTF-8\",\n  \"utm\": {}\n}",
  "timestamp": "2024-11-22T06:06:41.224Z"
}
{
  "level": "info",
  "message": "Received event:\n{\n  \"event_id\": \"\",\n  \"user\": {\n    \"anonymous_id\": \"6r41061c50\",\n    \"id\": \"123123d\",\n    \"email\": \"test@example.com\"\n  },\n  \"ids\": {},\n  \"utc_time\": \"2024-11-22T06:06:42.328Z\",\n  \"local_tz_offset\": -300,\n  \"api_key\": \"test-api-key\",\n  \"src\": \"usermaven\",\n  \"event_type\": \"pageview\",\n  \"namespace\": \"usermaven\",\n  \"event_attributes\": {\n    \"url\": \"http://stage.test.local:5173/examples/autocapture.html#\",\n    \"referrer\": \"http://localhost:5173/\",\n    \"title\": \"Usermaven SDK Autocapture Test Page\"\n  },\n  \"referer\": \"http://localhost:5173/\",\n  \"url\": \"http://stage.test.local:5173/examples/autocapture.html#\",\n  \"page_title\": \"Usermaven SDK Autocapture Test Page\",\n  \"doc_path\": \"/examples/autocapture.html\",\n  \"doc_host\": \"stage.test.local\",\n  \"doc_search\": \"\",\n  \"screen_resolution\": \"1920x1080\",\n  \"vp_size\": \"1383x968\",\n  \"user_agent\": \"Mozilla/5.0 (X11; Ubuntu; Linux x86_64; rv:131.0) Gecko/20100101 Firefox/131.0\",\n  \"user_language\": \"en-US\",\n  \"doc_encoding\": \"UTF-8\",\n  \"utm\": {}\n}",
  "timestamp": "2024-11-22T06:06:42.340Z"
}
{
  "level": "info",
  "message": "Received event:\n[\n  {\n    \"event_id\": \"\",\n    \"user\": {\n      \"anonymous_id\": \"6r41061c50\",\n      \"id\": \"123123d\",\n      \"email\": \"test@example.com\"\n    },\n    \"ids\": {},\n    \"utc_time\": \"2024-11-22T06:06:49.021Z\",\n    \"local_tz_offset\": -300,\n    \"api_key\": \"test-api-key\",\n    \"src\": \"usermaven\",\n    \"event_type\": \"$pageleave\",\n    \"namespace\": \"usermaven\",\n    \"event_attributes\": {\n      \"url\": \"http://stage.test.local:5173/examples/autocapture.html#\",\n      \"referrer\": \"http://localhost:5173/\",\n      \"title\": \"Usermaven SDK Autocapture Test Page\"\n    },\n    \"referer\": \"http://localhost:5173/\",\n    \"url\": \"http://stage.test.local:5173/examples/autocapture.html#\",\n    \"page_title\": \"Usermaven SDK Autocapture Test Page\",\n    \"doc_path\": \"/examples/autocapture.html\",\n    \"doc_host\": \"stage.test.local\",\n    \"doc_search\": \"\",\n    \"screen_resolution\": \"1920x1080\",\n    \"vp_size\": \"1383x968\",\n    \"user_agent\": \"Mozilla/5.0 (X11; Ubuntu; Linux x86_64; rv:131.0) Gecko/20100101 Firefox/131.0\",\n    \"user_language\": \"en-US\",\n    \"doc_encoding\": \"UTF-8\",\n    \"utm\": {}\n  }\n]",
  "timestamp": "2024-11-22T06:06:50.054Z"
}
{
  "level": "info",
  "message": "Received event:\n[\n  {\n    \"event_id\": \"\",\n    \"user\": {\n      \"anonymous_id\": \"6r41061c50\",\n      \"id\": \"123123d\",\n      \"email\": \"test@example.com\"\n    },\n    \"ids\": {},\n    \"utc_time\": \"2024-11-22T06:07:34.096Z\",\n    \"local_tz_offset\": -300,\n    \"api_key\": \"test-api-key\",\n    \"src\": \"usermaven\",\n    \"event_type\": \"$autocapture\",\n    \"namespace\": \"usermaven\",\n    \"autocapture_attributes\": {\n      \"tag_name\": \"span\",\n      \"classes\": [\n        \"fa-stack\"\n      ],\n      \"attr__class\": \"fa-stack\",\n      \"attr__href\": \"#\",\n      \"el_text\": \"\",\n      \"event_type\": \"click\"\n    },\n    \"referer\": \"http://localhost:5173/\",\n    \"url\": \"http://stage.test.local:5173/examples/autocapture.html#\",\n    \"page_title\": \"Usermaven SDK Autocapture Test Page\",\n    \"doc_path\": \"/examples/autocapture.html\",\n    \"doc_host\": \"stage.test.local\",\n    \"doc_search\": \"\",\n    \"screen_resolution\": \"1920x1080\",\n    \"vp_size\": \"1383x968\",\n    \"user_agent\": \"Mozilla/5.0 (X11; Ubuntu; Linux x86_64; rv:131.0) Gecko/20100101 Firefox/131.0\",\n    \"user_language\": \"en-US\",\n    \"doc_encoding\": \"UTF-8\",\n    \"utm\": {}\n  }\n]",
  "timestamp": "2024-11-22T06:07:34.208Z"
}
{
  "level": "info",
  "message": "Received event:\n[\n  {\n    \"event_id\": \"\",\n    \"user\": {\n      \"anonymous_id\": \"6r41061c50\",\n      \"id\": \"123123d\",\n      \"email\": \"test@example.com\"\n    },\n    \"ids\": {},\n    \"utc_time\": \"2024-11-22T06:07:34.185Z\",\n    \"local_tz_offset\": -300,\n    \"api_key\": \"test-api-key\",\n    \"src\": \"usermaven\",\n    \"event_type\": \"$scroll\",\n    \"namespace\": \"usermaven\",\n    \"event_attributes\": {\n      \"percent\": 56,\n      \"window_height\": 968,\n      \"document_height\": 4091,\n      \"scroll_distance\": 1772\n    },\n    \"referer\": \"http://localhost:5173/\",\n    \"url\": \"http://stage.test.local:5173/examples/autocapture.html#\",\n    \"page_title\": \"Usermaven SDK Autocapture Test Page\",\n    \"doc_path\": \"/examples/autocapture.html\",\n    \"doc_host\": \"stage.test.local\",\n    \"doc_search\": \"\",\n    \"screen_resolution\": \"1920x1080\",\n    \"vp_size\": \"1383x968\",\n    \"user_agent\": \"Mozilla/5.0 (X11; Ubuntu; Linux x86_64; rv:131.0) Gecko/20100101 Firefox/131.0\",\n    \"user_language\": \"en-US\",\n    \"doc_encoding\": \"UTF-8\",\n    \"utm\": {}\n  },\n  {\n    \"event_id\": \"\",\n    \"user\": {\n      \"anonymous_id\": \"6r41061c50\",\n      \"id\": \"123123d\",\n      \"email\": \"test@example.com\"\n    },\n    \"ids\": {},\n    \"utc_time\": \"2024-11-22T06:07:34.187Z\",\n    \"local_tz_offset\": -300,\n    \"api_key\": \"test-api-key\",\n    \"src\": \"usermaven\",\n    \"event_type\": \"$scroll\",\n    \"namespace\": \"usermaven\",\n    \"event_attributes\": {\n      \"percent\": 56,\n      \"window_height\": 968,\n      \"document_height\": 4091,\n      \"scroll_distance\": 1772\n    },\n    \"referer\": \"http://localhost:5173/\",\n    \"url\": \"http://stage.test.local:5173/examples/autocapture.html#\",\n    \"page_title\": \"Usermaven SDK Autocapture Test Page\",\n    \"doc_path\": \"/examples/autocapture.html\",\n    \"doc_host\": \"stage.test.local\",\n    \"doc_search\": \"\",\n    \"screen_resolution\": \"1920x1080\",\n    \"vp_size\": \"1383x968\",\n    \"user_agent\": \"Mozilla/5.0 (X11; Ubuntu; Linux x86_64; rv:131.0) Gecko/20100101 Firefox/131.0\",\n    \"user_language\": \"en-US\",\n    \"doc_encoding\": \"UTF-8\",\n    \"utm\": {}\n  }\n]",
  "timestamp": "2024-11-22T06:07:34.629Z"
}
{
  "level": "info",
  "message": "Received event:\n[\n  {\n    \"event_id\": \"\",\n    \"user\": {\n      \"anonymous_id\": \"6r41061c50\",\n      \"id\": \"123123d\",\n      \"email\": \"test@example.com\"\n    },\n    \"ids\": {},\n    \"utc_time\": \"2024-11-22T06:07:37.765Z\",\n    \"local_tz_offset\": -300,\n    \"api_key\": \"test-api-key\",\n    \"src\": \"usermaven\",\n    \"event_type\": \"$scroll\",\n    \"namespace\": \"usermaven\",\n    \"event_attributes\": {\n      \"percent\": 79,\n      \"window_height\": 968,\n      \"document_height\": 4091,\n      \"scroll_distance\": 2471\n    },\n    \"referer\": \"http://localhost:5173/\",\n    \"url\": \"http://stage.test.local:5173/examples/autocapture.html#\",\n    \"page_title\": \"Usermaven SDK Autocapture Test Page\",\n    \"doc_path\": \"/examples/autocapture.html\",\n    \"doc_host\": \"stage.test.local\",\n    \"doc_search\": \"\",\n    \"screen_resolution\": \"1920x1080\",\n    \"vp_size\": \"1383x968\",\n    \"user_agent\": \"Mozilla/5.0 (X11; Ubuntu; Linux x86_64; rv:131.0) Gecko/20100101 Firefox/131.0\",\n    \"user_language\": \"en-US\",\n    \"doc_encoding\": \"UTF-8\",\n    \"utm\": {}\n  },\n  {\n    \"event_id\": \"\",\n    \"user\": {\n      \"anonymous_id\": \"6r41061c50\",\n      \"id\": \"123123d\",\n      \"email\": \"test@example.com\"\n    },\n    \"ids\": {},\n    \"utc_time\": \"2024-11-22T06:07:37.882Z\",\n    \"local_tz_offset\": -300,\n    \"api_key\": \"test-api-key\",\n    \"src\": \"usermaven\",\n    \"event_type\": \"$scroll\",\n    \"namespace\": \"usermaven\",\n    \"event_attributes\": {\n      \"percent\": 91,\n      \"window_height\": 968,\n      \"document_height\": 4091,\n      \"scroll_distance\": 2850\n    },\n    \"referer\": \"http://localhost:5173/\",\n    \"url\": \"http://stage.test.local:5173/examples/autocapture.html#\",\n    \"page_title\": \"Usermaven SDK Autocapture Test Page\",\n    \"doc_path\": \"/examples/autocapture.html\",\n    \"doc_host\": \"stage.test.local\",\n    \"doc_search\": \"\",\n    \"screen_resolution\": \"1920x1080\",\n    \"vp_size\": \"1383x968\",\n    \"user_agent\": \"Mozilla/5.0 (X11; Ubuntu; Linux x86_64; rv:131.0) Gecko/20100101 Firefox/131.0\",\n    \"user_language\": \"en-US\",\n    \"doc_encoding\": \"UTF-8\",\n    \"utm\": {}\n  }\n]",
  "timestamp": "2024-11-22T06:07:37.918Z"
}
{
  "level": "info",
  "message": "Received event:\n{\n  \"event_id\": \"\",\n  \"user\": {\n    \"anonymous_id\": \"6r41061c50\",\n    \"id\": \"123123d\",\n    \"email\": \"test@example.com\"\n  },\n  \"ids\": {},\n  \"utc_time\": \"2024-11-22T06:08:16.932Z\",\n  \"local_tz_offset\": -300,\n  \"api_key\": \"test-api-key\",\n  \"src\": \"usermaven\",\n  \"event_type\": \"pageview\",\n  \"namespace\": \"usermaven\",\n  \"event_attributes\": {\n    \"url\": \"http://stage.test.local:5173/examples/autocapture.html#\",\n    \"referrer\": \"http://localhost:5173/\",\n    \"title\": \"Usermaven SDK Autocapture Test Page\"\n  },\n  \"referer\": \"http://localhost:5173/\",\n  \"url\": \"http://stage.test.local:5173/examples/autocapture.html#\",\n  \"page_title\": \"Usermaven SDK Autocapture Test Page\",\n  \"doc_path\": \"/examples/autocapture.html\",\n  \"doc_host\": \"stage.test.local\",\n  \"doc_search\": \"\",\n  \"screen_resolution\": \"1920x1080\",\n  \"vp_size\": \"1383x968\",\n  \"user_agent\": \"Mozilla/5.0 (X11; Ubuntu; Linux x86_64; rv:131.0) Gecko/20100101 Firefox/131.0\",\n  \"user_language\": \"en-US\",\n  \"doc_encoding\": \"UTF-8\",\n  \"utm\": {}\n}",
  "timestamp": "2024-11-22T06:08:16.982Z"
}
{
  "level": "info",
  "message": "Received event:\n{\n  \"event_id\": \"\",\n  \"user\": {\n    \"anonymous_id\": \"6r41061c50\",\n    \"id\": \"123123d\",\n    \"email\": \"test@example.com\"\n  },\n  \"ids\": {},\n  \"utc_time\": \"2024-11-22T06:08:19.601Z\",\n  \"local_tz_offset\": -300,\n  \"api_key\": \"test-api-key\",\n  \"src\": \"usermaven\",\n  \"event_type\": \"pageview\",\n  \"namespace\": \"usermaven\",\n  \"event_attributes\": {\n    \"url\": \"http://stage.test.local:5173/examples/autocapture.html#\",\n    \"referrer\": \"http://localhost:5173/\",\n    \"title\": \"Usermaven SDK Autocapture Test Page\"\n  },\n  \"referer\": \"http://localhost:5173/\",\n  \"url\": \"http://stage.test.local:5173/examples/autocapture.html#\",\n  \"page_title\": \"Usermaven SDK Autocapture Test Page\",\n  \"doc_path\": \"/examples/autocapture.html\",\n  \"doc_host\": \"stage.test.local\",\n  \"doc_search\": \"\",\n  \"screen_resolution\": \"1920x1080\",\n  \"vp_size\": \"1383x968\",\n  \"user_agent\": \"Mozilla/5.0 (X11; Ubuntu; Linux x86_64; rv:131.0) Gecko/20100101 Firefox/131.0\",\n  \"user_language\": \"en-US\",\n  \"doc_encoding\": \"UTF-8\",\n  \"utm\": {}\n}",
  "timestamp": "2024-11-22T06:08:19.609Z"
}
{
  "level": "info",
  "message": "Received event:\n{\n  \"event_id\": \"\",\n  \"user\": {\n    \"anonymous_id\": \"6r41061c50\",\n    \"id\": \"123123d\",\n    \"email\": \"test@example.com\"\n  },\n  \"ids\": {},\n  \"utc_time\": \"2024-11-22T06:08:39.382Z\",\n  \"local_tz_offset\": -300,\n  \"api_key\": \"test-api-key\",\n  \"src\": \"usermaven\",\n  \"event_type\": \"pageview\",\n  \"namespace\": \"usermaven\",\n  \"event_attributes\": {\n    \"url\": \"http://stage.test.local:5173/examples/autocapture.html#\",\n    \"referrer\": \"http://localhost:5173/\",\n    \"title\": \"Usermaven SDK Autocapture Test Page\"\n  },\n  \"referer\": \"http://localhost:5173/\",\n  \"url\": \"http://stage.test.local:5173/examples/autocapture.html#\",\n  \"page_title\": \"Usermaven SDK Autocapture Test Page\",\n  \"doc_path\": \"/examples/autocapture.html\",\n  \"doc_host\": \"stage.test.local\",\n  \"doc_search\": \"\",\n  \"screen_resolution\": \"1920x1080\",\n  \"vp_size\": \"1383x968\",\n  \"user_agent\": \"Mozilla/5.0 (X11; Ubuntu; Linux x86_64; rv:131.0) Gecko/20100101 Firefox/131.0\",\n  \"user_language\": \"en-US\",\n  \"doc_encoding\": \"UTF-8\",\n  \"utm\": {}\n}",
  "timestamp": "2024-11-22T06:08:39.396Z"
}
{
  "level": "info",
  "message": "Received event:\n[\n  {\n    \"event_id\": \"\",\n    \"user\": {\n      \"anonymous_id\": \"6r41061c50\",\n      \"id\": \"123123d\",\n      \"email\": \"test@example.com\"\n    },\n    \"ids\": {},\n    \"utc_time\": \"2024-11-22T06:08:42.945Z\",\n    \"local_tz_offset\": -300,\n    \"api_key\": \"test-api-key\",\n    \"src\": \"usermaven\",\n    \"event_type\": \"$autocapture\",\n    \"namespace\": \"usermaven\",\n    \"autocapture_attributes\": {\n      \"tag_name\": \"i\",\n      \"classes\": [\n        \"qode_icon_font_awesome\",\n        \"fa\",\n        \"fa-arrow-up\"\n      ],\n      \"attr__class\": \"qode_icon_font_awesome fa fa-arrow-up\",\n      \"attr__href\": \"#\",\n      \"el_text\": \"\",\n      \"event_type\": \"click\"\n    },\n    \"referer\": \"http://localhost:5173/\",\n    \"url\": \"http://stage.test.local:5173/examples/autocapture.html#\",\n    \"page_title\": \"Usermaven SDK Autocapture Test Page\",\n    \"doc_path\": \"/examples/autocapture.html\",\n    \"doc_host\": \"stage.test.local\",\n    \"doc_search\": \"\",\n    \"screen_resolution\": \"1920x1080\",\n    \"vp_size\": \"1383x968\",\n    \"user_agent\": \"Mozilla/5.0 (X11; Ubuntu; Linux x86_64; rv:131.0) Gecko/20100101 Firefox/131.0\",\n    \"user_language\": \"en-US\",\n    \"doc_encoding\": \"UTF-8\",\n    \"utm\": {}\n  },\n  {\n    \"event_id\": \"\",\n    \"user\": {\n      \"anonymous_id\": \"6r41061c50\",\n      \"id\": \"123123d\",\n      \"email\": \"test@example.com\"\n    },\n    \"ids\": {},\n    \"utc_time\": \"2024-11-22T06:08:42.986Z\",\n    \"local_tz_offset\": -300,\n    \"api_key\": \"test-api-key\",\n    \"src\": \"usermaven\",\n    \"event_type\": \"$scroll\",\n    \"namespace\": \"usermaven\",\n    \"event_attributes\": {\n      \"percent\": 72,\n      \"window_height\": 968,\n      \"document_height\": 4091,\n      \"scroll_distance\": 2257\n    },\n    \"referer\": \"http://localhost:5173/\",\n    \"url\": \"http://stage.test.local:5173/examples/autocapture.html#\",\n    \"page_title\": \"Usermaven SDK Autocapture Test Page\",\n    \"doc_path\": \"/examples/autocapture.html\",\n    \"doc_host\": \"stage.test.local\",\n    \"doc_search\": \"\",\n    \"screen_resolution\": \"1920x1080\",\n    \"vp_size\": \"1383x968\",\n    \"user_agent\": \"Mozilla/5.0 (X11; Ubuntu; Linux x86_64; rv:131.0) Gecko/20100101 Firefox/131.0\",\n    \"user_language\": \"en-US\",\n    \"doc_encoding\": \"UTF-8\",\n    \"utm\": {}\n  },\n  {\n    \"event_id\": \"\",\n    \"user\": {\n      \"anonymous_id\": \"6r41061c50\",\n      \"id\": \"123123d\",\n      \"email\": \"test@example.com\"\n    },\n    \"ids\": {},\n    \"utc_time\": \"2024-11-22T06:08:42.987Z\",\n    \"local_tz_offset\": -300,\n    \"api_key\": \"test-api-key\",\n    \"src\": \"usermaven\",\n    \"event_type\": \"$scroll\",\n    \"namespace\": \"usermaven\",\n    \"event_attributes\": {\n      \"percent\": 72,\n      \"window_height\": 968,\n      \"document_height\": 4091,\n      \"scroll_distance\": 2257\n    },\n    \"referer\": \"http://localhost:5173/\",\n    \"url\": \"http://stage.test.local:5173/examples/autocapture.html#\",\n    \"page_title\": \"Usermaven SDK Autocapture Test Page\",\n    \"doc_path\": \"/examples/autocapture.html\",\n    \"doc_host\": \"stage.test.local\",\n    \"doc_search\": \"\",\n    \"screen_resolution\": \"1920x1080\",\n    \"vp_size\": \"1383x968\",\n    \"user_agent\": \"Mozilla/5.0 (X11; Ubuntu; Linux x86_64; rv:131.0) Gecko/20100101 Firefox/131.0\",\n    \"user_language\": \"en-US\",\n    \"doc_encoding\": \"UTF-8\",\n    \"utm\": {}\n  }\n]",
  "timestamp": "2024-11-22T06:08:43.028Z"
}
{
  "level": "info",
  "message": "Received event:\n{\n  \"event_id\": \"\",\n  \"user\": {\n    \"anonymous_id\": \"6r41061c50\",\n    \"id\": \"123123d\",\n    \"email\": \"test@example.com\"\n  },\n  \"ids\": {},\n  \"utc_time\": \"2024-11-22T06:08:47.504Z\",\n  \"local_tz_offset\": -300,\n  \"api_key\": \"test-api-key\",\n  \"src\": \"usermaven\",\n  \"event_type\": \"pageview\",\n  \"namespace\": \"usermaven\",\n  \"event_attributes\": {\n    \"url\": \"http://stage.test.local:5173/examples/autocapture.html#\",\n    \"referrer\": \"http://localhost:5173/\",\n    \"title\": \"Usermaven SDK Autocapture Test Page\"\n  },\n  \"referer\": \"http://localhost:5173/\",\n  \"url\": \"http://stage.test.local:5173/examples/autocapture.html#\",\n  \"page_title\": \"Usermaven SDK Autocapture Test Page\",\n  \"doc_path\": \"/examples/autocapture.html\",\n  \"doc_host\": \"stage.test.local\",\n  \"doc_search\": \"\",\n  \"screen_resolution\": \"1920x1080\",\n  \"vp_size\": \"1383x968\",\n  \"user_agent\": \"Mozilla/5.0 (X11; Ubuntu; Linux x86_64; rv:131.0) Gecko/20100101 Firefox/131.0\",\n  \"user_language\": \"en-US\",\n  \"doc_encoding\": \"UTF-8\",\n  \"utm\": {}\n}",
  "timestamp": "2024-11-22T06:08:47.548Z"
}
{
  "level": "info",
  "message": "Received event:\n[\n  {\n    \"event_id\": \"\",\n    \"user\": {\n      \"anonymous_id\": \"6r41061c50\",\n      \"id\": \"123123d\",\n      \"email\": \"test@example.com\"\n    },\n    \"ids\": {},\n    \"utc_time\": \"2024-11-22T06:08:55.672Z\",\n    \"local_tz_offset\": -300,\n    \"api_key\": \"test-api-key\",\n    \"src\": \"usermaven\",\n    \"event_type\": \"$pageleave\",\n    \"namespace\": \"usermaven\",\n    \"event_attributes\": {\n      \"url\": \"http://stage.test.local:5173/examples/autocapture.html#\",\n      \"referrer\": \"http://localhost:5173/\",\n      \"title\": \"Usermaven SDK Autocapture Test Page\"\n    },\n    \"referer\": \"http://localhost:5173/\",\n    \"url\": \"http://stage.test.local:5173/examples/autocapture.html#\",\n    \"page_title\": \"Usermaven SDK Autocapture Test Page\",\n    \"doc_path\": \"/examples/autocapture.html\",\n    \"doc_host\": \"stage.test.local\",\n    \"doc_search\": \"\",\n    \"screen_resolution\": \"1920x1080\",\n    \"vp_size\": \"1383x968\",\n    \"user_agent\": \"Mozilla/5.0 (X11; Ubuntu; Linux x86_64; rv:131.0) Gecko/20100101 Firefox/131.0\",\n    \"user_language\": \"en-US\",\n    \"doc_encoding\": \"UTF-8\",\n    \"utm\": {}\n  }\n]",
  "timestamp": "2024-11-22T06:08:57.520Z"
}
{
  "level": "info",
  "message": "Received event:\n{\n  \"event_id\": \"\",\n  \"user\": {\n    \"anonymous_id\": \"6r41061c50\",\n    \"id\": \"123123d\",\n    \"email\": \"test@example.com\"\n  },\n  \"ids\": {},\n  \"utc_time\": \"2024-11-22T06:31:39.746Z\",\n  \"local_tz_offset\": -300,\n  \"api_key\": \"test-api-key\",\n  \"src\": \"usermaven\",\n  \"event_type\": \"pageview\",\n  \"namespace\": \"usermaven\",\n  \"event_attributes\": {\n    \"url\": \"http://stage.test.local:5173/examples/autocapture.html#\",\n    \"referrer\": \"http://localhost:5173/\",\n    \"title\": \"Usermaven SDK Autocapture Test Page\"\n  },\n  \"referer\": \"http://localhost:5173/\",\n  \"url\": \"http://stage.test.local:5173/examples/autocapture.html#\",\n  \"page_title\": \"Usermaven SDK Autocapture Test Page\",\n  \"doc_path\": \"/examples/autocapture.html\",\n  \"doc_host\": \"stage.test.local\",\n  \"doc_search\": \"\",\n  \"screen_resolution\": \"1920x1080\",\n  \"vp_size\": \"1383x968\",\n  \"user_agent\": \"Mozilla/5.0 (X11; Ubuntu; Linux x86_64; rv:131.0) Gecko/20100101 Firefox/131.0\",\n  \"user_language\": \"en-US\",\n  \"doc_encoding\": \"UTF-8\",\n  \"utm\": {}\n}",
  "timestamp": "2024-11-22T06:31:39.784Z"
}
{
  "level": "info",
  "message": "Received event:\n[\n  {\n    \"event_id\": \"\",\n    \"user\": {\n      \"anonymous_id\": \"6r41061c50\",\n      \"id\": \"123123d\",\n      \"email\": \"test@example.com\"\n    },\n    \"ids\": {},\n    \"utc_time\": \"2024-11-22T06:31:40.653Z\",\n    \"local_tz_offset\": -300,\n    \"api_key\": \"test-api-key\",\n    \"src\": \"usermaven\",\n    \"event_type\": \"$scroll\",\n    \"namespace\": \"usermaven\",\n    \"event_attributes\": {\n      \"percent\": 51,\n      \"window_height\": 968,\n      \"document_height\": 4091,\n      \"scroll_distance\": 1596\n    },\n    \"referer\": \"http://localhost:5173/\",\n    \"url\": \"http://stage.test.local:5173/examples/autocapture.html#\",\n    \"page_title\": \"Usermaven SDK Autocapture Test Page\",\n    \"doc_path\": \"/examples/autocapture.html\",\n    \"doc_host\": \"stage.test.local\",\n    \"doc_search\": \"\",\n    \"screen_resolution\": \"1920x1080\",\n    \"vp_size\": \"1383x968\",\n    \"user_agent\": \"Mozilla/5.0 (X11; Ubuntu; Linux x86_64; rv:131.0) Gecko/20100101 Firefox/131.0\",\n    \"user_language\": \"en-US\",\n    \"doc_encoding\": \"UTF-8\",\n    \"utm\": {}\n  },\n  {\n    \"event_id\": \"\",\n    \"user\": {\n      \"anonymous_id\": \"6r41061c50\",\n      \"id\": \"123123d\",\n      \"email\": \"test@example.com\"\n    },\n    \"ids\": {},\n    \"utc_time\": \"2024-11-22T06:31:40.655Z\",\n    \"local_tz_offset\": -300,\n    \"api_key\": \"test-api-key\",\n    \"src\": \"usermaven\",\n    \"event_type\": \"$scroll\",\n    \"namespace\": \"usermaven\",\n    \"event_attributes\": {\n      \"percent\": 51,\n      \"window_height\": 968,\n      \"document_height\": 4091,\n      \"scroll_distance\": 1596\n    },\n    \"referer\": \"http://localhost:5173/\",\n    \"url\": \"http://stage.test.local:5173/examples/autocapture.html#\",\n    \"page_title\": \"Usermaven SDK Autocapture Test Page\",\n    \"doc_path\": \"/examples/autocapture.html\",\n    \"doc_host\": \"stage.test.local\",\n    \"doc_search\": \"\",\n    \"screen_resolution\": \"1920x1080\",\n    \"vp_size\": \"1383x968\",\n    \"user_agent\": \"Mozilla/5.0 (X11; Ubuntu; Linux x86_64; rv:131.0) Gecko/20100101 Firefox/131.0\",\n    \"user_language\": \"en-US\",\n    \"doc_encoding\": \"UTF-8\",\n    \"utm\": {}\n  }\n]",
  "timestamp": "2024-11-22T06:31:40.759Z"
}
